10/3/2025, 8:49:24 PM GMT+2 [Modules] Modules initializing
10/3/2025, 8:49:24 PM GMT+2 [Modules] Distribution: remote
10/3/2025, 8:49:24 PM GMT+2 [Modules] Host updates: enabled
10/3/2025, 8:49:24 PM GMT+2 [Modules] Module updates: enabled
10/3/2025, 8:49:24 PM GMT+2 [Modules] Module install path: /home/arima/.config/discord/0.0.111/modules
10/3/2025, 8:49:24 PM GMT+2 [Modules] Module installed file path: /home/arima/.config/discord/0.0.111/modules/installed.json
10/3/2025, 8:49:24 PM GMT+2 [Modules] Module download path: /home/arima/.config/discord/0.0.111/modules/pending
10/3/2025, 8:49:24 PM GMT+2 [Modules] Bootstrapping...
10/3/2025, 8:49:24 PM GMT+2 [Modules] Installing discord_desktop_core@0 from /opt/discord/resources/bootstrap/discord_desktop_core.zip
10/3/2025, 8:49:24 PM GMT+2 [Modules] Failed installing discord_desktop_core@0: Error: ENOENT: no such file or directory, open '/opt/discord/resources/bootstrap/discord_desktop_core.zip'
10/3/2025, 8:49:24 PM GMT+2 [Modules] Installing discord_erlpack@0 from /opt/discord/resources/bootstrap/discord_erlpack.zip
10/3/2025, 8:49:24 PM GMT+2 [Modules] Failed installing discord_erlpack@0: Error: ENOENT: no such file or directory, open '/opt/discord/resources/bootstrap/discord_erlpack.zip'
10/3/2025, 8:49:24 PM GMT+2 [Modules] Installing discord_spellcheck@0 from /opt/discord/resources/bootstrap/discord_spellcheck.zip
10/3/2025, 8:49:24 PM GMT+2 [Modules] Failed installing discord_spellcheck@0: Error: ENOENT: no such file or directory, open '/opt/discord/resources/bootstrap/discord_spellcheck.zip'
10/3/2025, 8:49:24 PM GMT+2 [Modules] Installing discord_utils@0 from /opt/discord/resources/bootstrap/discord_utils.zip
10/3/2025, 8:49:24 PM GMT+2 [Modules] Failed installing discord_utils@0: Error: ENOENT: no such file or directory, open '/opt/discord/resources/bootstrap/discord_utils.zip'
10/3/2025, 8:49:24 PM GMT+2 [Modules] Installing discord_voice@0 from /opt/discord/resources/bootstrap/discord_voice.zip
10/3/2025, 8:49:24 PM GMT+2 [Modules] Failed installing discord_voice@0: Error: ENOENT: no such file or directory, open '/opt/discord/resources/bootstrap/discord_voice.zip'
10/3/2025, 8:49:24 PM GMT+2 [Modules] Installing discord_zstd@0 from /opt/discord/resources/bootstrap/discord_zstd.zip
10/3/2025, 8:49:24 PM GMT+2 [Modules] Failed installing discord_zstd@0: Error: ENOENT: no such file or directory, open '/opt/discord/resources/bootstrap/discord_zstd.zip'
10/3/2025, 8:49:24 PM GMT+2 [Modules] Finished module installations. [success: 0] [failure: 6]
10/3/2025, 8:49:24 PM GMT+2 [Modules] Checking for host updates.
10/3/2025, 8:49:24 PM GMT+2 [Modules] Host is up to date.
10/3/2025, 8:49:24 PM GMT+2 [Modules] Checking for module updates at https://discord.com/api/modules/stable/versions.json
10/3/2025, 8:49:24 PM GMT+2 [Modules] Module update available: discord_desktop_core@1 [installed: 0]
10/3/2025, 8:49:24 PM GMT+2 [Modules] Module update available: discord_erlpack@1 [installed: 0]
10/3/2025, 8:49:24 PM GMT+2 [Modules] Module update available: discord_spellcheck@1 [installed: 0]
10/3/2025, 8:49:24 PM GMT+2 [Modules] Module update available: discord_utils@2 [installed: 0]
10/3/2025, 8:49:24 PM GMT+2 [Modules] Module update available: discord_voice@2 [installed: 0]
10/3/2025, 8:49:24 PM GMT+2 [Modules] Module update available: discord_zstd@1 [installed: 0]
10/3/2025, 8:49:24 PM GMT+2 [Modules] Fetching discord_desktop_core@1 from https://discord.com/api/modules/stable/discord_desktop_core/1
10/3/2025, 8:49:24 PM GMT+2 [Modules] Streaming discord_desktop_core@1 to /home/arima/.config/discord/0.0.111/modules/pending/discord_desktop_core-1.zip
10/3/2025, 8:49:25 PM GMT+2 [Modules] Streaming discord_desktop_core@1 to /home/arima/.config/discord/0.0.111/modules/pending/discord_desktop_core-1.zip: 1%
10/3/2025, 8:49:25 PM GMT+2 [Modules] Streaming discord_desktop_core@1 to /home/arima/.config/discord/0.0.111/modules/pending/discord_desktop_core-1.zip: 2%
10/3/2025, 8:49:25 PM GMT+2 [Modules] Streaming discord_desktop_core@1 to /home/arima/.config/discord/0.0.111/modules/pending/discord_desktop_core-1.zip: 3%
10/3/2025, 8:49:25 PM GMT+2 [Modules] Streaming discord_desktop_core@1 to /home/arima/.config/discord/0.0.111/modules/pending/discord_desktop_core-1.zip: 4%
10/3/2025, 8:49:25 PM GMT+2 [Modules] Streaming discord_desktop_core@1 to /home/arima/.config/discord/0.0.111/modules/pending/discord_desktop_core-1.zip: 5%
10/3/2025, 8:49:25 PM GMT+2 [Modules] Streaming discord_desktop_core@1 to /home/arima/.config/discord/0.0.111/modules/pending/discord_desktop_core-1.zip: 6%
10/3/2025, 8:49:25 PM GMT+2 [Modules] Streaming discord_desktop_core@1 to /home/arima/.config/discord/0.0.111/modules/pending/discord_desktop_core-1.zip: 7%
10/3/2025, 8:49:25 PM GMT+2 [Modules] Streaming discord_desktop_core@1 to /home/arima/.config/discord/0.0.111/modules/pending/discord_desktop_core-1.zip: 8%
10/3/2025, 8:49:25 PM GMT+2 [Modules] Streaming discord_desktop_core@1 to /home/arima/.config/discord/0.0.111/modules/pending/discord_desktop_core-1.zip: 9%
10/3/2025, 8:49:25 PM GMT+2 [Modules] Streaming discord_desktop_core@1 to /home/arima/.config/discord/0.0.111/modules/pending/discord_desktop_core-1.zip: 11%
10/3/2025, 8:49:25 PM GMT+2 [Modules] Streaming discord_desktop_core@1 to /home/arima/.config/discord/0.0.111/modules/pending/discord_desktop_core-1.zip: 14%
10/3/2025, 8:49:25 PM GMT+2 [Modules] Streaming discord_desktop_core@1 to /home/arima/.config/discord/0.0.111/modules/pending/discord_desktop_core-1.zip: 16%
10/3/2025, 8:49:25 PM GMT+2 [Modules] Streaming discord_desktop_core@1 to /home/arima/.config/discord/0.0.111/modules/pending/discord_desktop_core-1.zip: 17%
10/3/2025, 8:49:25 PM GMT+2 [Modules] Streaming discord_desktop_core@1 to /home/arima/.config/discord/0.0.111/modules/pending/discord_desktop_core-1.zip: 22%
10/3/2025, 8:49:25 PM GMT+2 [Modules] Streaming discord_desktop_core@1 to /home/arima/.config/discord/0.0.111/modules/pending/discord_desktop_core-1.zip: 23%
10/3/2025, 8:49:25 PM GMT+2 [Modules] Streaming discord_desktop_core@1 to /home/arima/.config/discord/0.0.111/modules/pending/discord_desktop_core-1.zip: 26%
10/3/2025, 8:49:25 PM GMT+2 [Modules] Streaming discord_desktop_core@1 to /home/arima/.config/discord/0.0.111/modules/pending/discord_desktop_core-1.zip: 29%
10/3/2025, 8:49:25 PM GMT+2 [Modules] Streaming discord_desktop_core@1 to /home/arima/.config/discord/0.0.111/modules/pending/discord_desktop_core-1.zip: 30%
10/3/2025, 8:49:25 PM GMT+2 [Modules] Streaming discord_desktop_core@1 to /home/arima/.config/discord/0.0.111/modules/pending/discord_desktop_core-1.zip: 33%
10/3/2025, 8:49:25 PM GMT+2 [Modules] Streaming discord_desktop_core@1 to /home/arima/.config/discord/0.0.111/modules/pending/discord_desktop_core-1.zip: 35%
10/3/2025, 8:49:25 PM GMT+2 [Modules] Streaming discord_desktop_core@1 to /home/arima/.config/discord/0.0.111/modules/pending/discord_desktop_core-1.zip: 36%
10/3/2025, 8:49:25 PM GMT+2 [Modules] Streaming discord_desktop_core@1 to /home/arima/.config/discord/0.0.111/modules/pending/discord_desktop_core-1.zip: 39%
10/3/2025, 8:49:25 PM GMT+2 [Modules] Streaming discord_desktop_core@1 to /home/arima/.config/discord/0.0.111/modules/pending/discord_desktop_core-1.zip: 40%
10/3/2025, 8:49:25 PM GMT+2 [Modules] Streaming discord_desktop_core@1 to /home/arima/.config/discord/0.0.111/modules/pending/discord_desktop_core-1.zip: 44%
10/3/2025, 8:49:25 PM GMT+2 [Modules] Streaming discord_desktop_core@1 to /home/arima/.config/discord/0.0.111/modules/pending/discord_desktop_core-1.zip: 47%
10/3/2025, 8:49:25 PM GMT+2 [Modules] Streaming discord_desktop_core@1 to /home/arima/.config/discord/0.0.111/modules/pending/discord_desktop_core-1.zip: 48%
10/3/2025, 8:49:25 PM GMT+2 [Modules] Streaming discord_desktop_core@1 to /home/arima/.config/discord/0.0.111/modules/pending/discord_desktop_core-1.zip: 51%
10/3/2025, 8:49:25 PM GMT+2 [Modules] Streaming discord_desktop_core@1 to /home/arima/.config/discord/0.0.111/modules/pending/discord_desktop_core-1.zip: 54%
10/3/2025, 8:49:25 PM GMT+2 [Modules] Streaming discord_desktop_core@1 to /home/arima/.config/discord/0.0.111/modules/pending/discord_desktop_core-1.zip: 58%
10/3/2025, 8:49:25 PM GMT+2 [Modules] Streaming discord_desktop_core@1 to /home/arima/.config/discord/0.0.111/modules/pending/discord_desktop_core-1.zip: 63%
10/3/2025, 8:49:25 PM GMT+2 [Modules] Streaming discord_desktop_core@1 to /home/arima/.config/discord/0.0.111/modules/pending/discord_desktop_core-1.zip: 66%
10/3/2025, 8:49:25 PM GMT+2 [Modules] Streaming discord_desktop_core@1 to /home/arima/.config/discord/0.0.111/modules/pending/discord_desktop_core-1.zip: 67%
10/3/2025, 8:49:25 PM GMT+2 [Modules] Streaming discord_desktop_core@1 to /home/arima/.config/discord/0.0.111/modules/pending/discord_desktop_core-1.zip: 68%
10/3/2025, 8:49:25 PM GMT+2 [Modules] Streaming discord_desktop_core@1 to /home/arima/.config/discord/0.0.111/modules/pending/discord_desktop_core-1.zip: 73%
10/3/2025, 8:49:25 PM GMT+2 [Modules] Streaming discord_desktop_core@1 to /home/arima/.config/discord/0.0.111/modules/pending/discord_desktop_core-1.zip: 74%
10/3/2025, 8:49:25 PM GMT+2 [Modules] Streaming discord_desktop_core@1 to /home/arima/.config/discord/0.0.111/modules/pending/discord_desktop_core-1.zip: 76%
10/3/2025, 8:49:25 PM GMT+2 [Modules] Streaming discord_desktop_core@1 to /home/arima/.config/discord/0.0.111/modules/pending/discord_desktop_core-1.zip: 78%
10/3/2025, 8:49:25 PM GMT+2 [Modules] Streaming discord_desktop_core@1 to /home/arima/.config/discord/0.0.111/modules/pending/discord_desktop_core-1.zip: 83%
10/3/2025, 8:49:25 PM GMT+2 [Modules] Streaming discord_desktop_core@1 to /home/arima/.config/discord/0.0.111/modules/pending/discord_desktop_core-1.zip: 88%
10/3/2025, 8:49:25 PM GMT+2 [Modules] Streaming discord_desktop_core@1 to /home/arima/.config/discord/0.0.111/modules/pending/discord_desktop_core-1.zip: 90%
10/3/2025, 8:49:25 PM GMT+2 [Modules] Streaming discord_desktop_core@1 to /home/arima/.config/discord/0.0.111/modules/pending/discord_desktop_core-1.zip: 93%
10/3/2025, 8:49:25 PM GMT+2 [Modules] Streaming discord_desktop_core@1 to /home/arima/.config/discord/0.0.111/modules/pending/discord_desktop_core-1.zip: 94%
10/3/2025, 8:49:25 PM GMT+2 [Modules] Streaming discord_desktop_core@1 to /home/arima/.config/discord/0.0.111/modules/pending/discord_desktop_core-1.zip: 100%
10/3/2025, 8:49:25 PM GMT+2 [Modules] Fetching discord_erlpack@1 from https://discord.com/api/modules/stable/discord_erlpack/1
10/3/2025, 8:49:25 PM GMT+2 [Modules] Streaming discord_erlpack@1 to /home/arima/.config/discord/0.0.111/modules/pending/discord_erlpack-1.zip
10/3/2025, 8:49:25 PM GMT+2 [Modules] Streaming discord_erlpack@1 to /home/arima/.config/discord/0.0.111/modules/pending/discord_erlpack-1.zip: 2%
10/3/2025, 8:49:25 PM GMT+2 [Modules] Streaming discord_erlpack@1 to /home/arima/.config/discord/0.0.111/modules/pending/discord_erlpack-1.zip: 3%
10/3/2025, 8:49:25 PM GMT+2 [Modules] Streaming discord_erlpack@1 to /home/arima/.config/discord/0.0.111/modules/pending/discord_erlpack-1.zip: 9%
10/3/2025, 8:49:25 PM GMT+2 [Modules] Streaming discord_erlpack@1 to /home/arima/.config/discord/0.0.111/modules/pending/discord_erlpack-1.zip: 12%
10/3/2025, 8:49:25 PM GMT+2 [Modules] Streaming discord_erlpack@1 to /home/arima/.config/discord/0.0.111/modules/pending/discord_erlpack-1.zip: 43%
10/3/2025, 8:49:25 PM GMT+2 [Modules] Streaming discord_erlpack@1 to /home/arima/.config/discord/0.0.111/modules/pending/discord_erlpack-1.zip: 72%
10/3/2025, 8:49:25 PM GMT+2 [Modules] Streaming discord_erlpack@1 to /home/arima/.config/discord/0.0.111/modules/pending/discord_erlpack-1.zip: 92%
10/3/2025, 8:49:25 PM GMT+2 [Modules] Streaming discord_erlpack@1 to /home/arima/.config/discord/0.0.111/modules/pending/discord_erlpack-1.zip: 99%
10/3/2025, 8:49:25 PM GMT+2 [Modules] Streaming discord_erlpack@1 to /home/arima/.config/discord/0.0.111/modules/pending/discord_erlpack-1.zip: 100%
10/3/2025, 8:49:25 PM GMT+2 [Modules] Fetching discord_spellcheck@1 from https://discord.com/api/modules/stable/discord_spellcheck/1
10/3/2025, 8:49:25 PM GMT+2 [Modules] Streaming discord_spellcheck@1 to /home/arima/.config/discord/0.0.111/modules/pending/discord_spellcheck-1.zip
10/3/2025, 8:49:26 PM GMT+2 [Modules] Streaming discord_spellcheck@1 to /home/arima/.config/discord/0.0.111/modules/pending/discord_spellcheck-1.zip: 1%
10/3/2025, 8:49:26 PM GMT+2 [Modules] Streaming discord_spellcheck@1 to /home/arima/.config/discord/0.0.111/modules/pending/discord_spellcheck-1.zip: 2%
10/3/2025, 8:49:26 PM GMT+2 [Modules] Streaming discord_spellcheck@1 to /home/arima/.config/discord/0.0.111/modules/pending/discord_spellcheck-1.zip: 3%
10/3/2025, 8:49:26 PM GMT+2 [Modules] Streaming discord_spellcheck@1 to /home/arima/.config/discord/0.0.111/modules/pending/discord_spellcheck-1.zip: 4%
10/3/2025, 8:49:26 PM GMT+2 [Modules] Streaming discord_spellcheck@1 to /home/arima/.config/discord/0.0.111/modules/pending/discord_spellcheck-1.zip: 5%
10/3/2025, 8:49:26 PM GMT+2 [Modules] Streaming discord_spellcheck@1 to /home/arima/.config/discord/0.0.111/modules/pending/discord_spellcheck-1.zip: 6%
10/3/2025, 8:49:26 PM GMT+2 [Modules] Streaming discord_spellcheck@1 to /home/arima/.config/discord/0.0.111/modules/pending/discord_spellcheck-1.zip: 7%
10/3/2025, 8:49:26 PM GMT+2 [Modules] Streaming discord_spellcheck@1 to /home/arima/.config/discord/0.0.111/modules/pending/discord_spellcheck-1.zip: 8%
10/3/2025, 8:49:26 PM GMT+2 [Modules] Streaming discord_spellcheck@1 to /home/arima/.config/discord/0.0.111/modules/pending/discord_spellcheck-1.zip: 9%
10/3/2025, 8:49:26 PM GMT+2 [Modules] Streaming discord_spellcheck@1 to /home/arima/.config/discord/0.0.111/modules/pending/discord_spellcheck-1.zip: 10%
10/3/2025, 8:49:26 PM GMT+2 [Modules] Streaming discord_spellcheck@1 to /home/arima/.config/discord/0.0.111/modules/pending/discord_spellcheck-1.zip: 11%
10/3/2025, 8:49:26 PM GMT+2 [Modules] Streaming discord_spellcheck@1 to /home/arima/.config/discord/0.0.111/modules/pending/discord_spellcheck-1.zip: 12%
10/3/2025, 8:49:26 PM GMT+2 [Modules] Streaming discord_spellcheck@1 to /home/arima/.config/discord/0.0.111/modules/pending/discord_spellcheck-1.zip: 14%
10/3/2025, 8:49:26 PM GMT+2 [Modules] Streaming discord_spellcheck@1 to /home/arima/.config/discord/0.0.111/modules/pending/discord_spellcheck-1.zip: 15%
10/3/2025, 8:49:26 PM GMT+2 [Modules] Streaming discord_spellcheck@1 to /home/arima/.config/discord/0.0.111/modules/pending/discord_spellcheck-1.zip: 16%
10/3/2025, 8:49:26 PM GMT+2 [Modules] Streaming discord_spellcheck@1 to /home/arima/.config/discord/0.0.111/modules/pending/discord_spellcheck-1.zip: 17%
10/3/2025, 8:49:26 PM GMT+2 [Modules] Streaming discord_spellcheck@1 to /home/arima/.config/discord/0.0.111/modules/pending/discord_spellcheck-1.zip: 18%
10/3/2025, 8:49:26 PM GMT+2 [Modules] Streaming discord_spellcheck@1 to /home/arima/.config/discord/0.0.111/modules/pending/discord_spellcheck-1.zip: 19%
10/3/2025, 8:49:26 PM GMT+2 [Modules] Streaming discord_spellcheck@1 to /home/arima/.config/discord/0.0.111/modules/pending/discord_spellcheck-1.zip: 20%
10/3/2025, 8:49:26 PM GMT+2 [Modules] Streaming discord_spellcheck@1 to /home/arima/.config/discord/0.0.111/modules/pending/discord_spellcheck-1.zip: 22%
10/3/2025, 8:49:26 PM GMT+2 [Modules] Streaming discord_spellcheck@1 to /home/arima/.config/discord/0.0.111/modules/pending/discord_spellcheck-1.zip: 23%
10/3/2025, 8:49:26 PM GMT+2 [Modules] Streaming discord_spellcheck@1 to /home/arima/.config/discord/0.0.111/modules/pending/discord_spellcheck-1.zip: 25%
10/3/2025, 8:49:26 PM GMT+2 [Modules] Streaming discord_spellcheck@1 to /home/arima/.config/discord/0.0.111/modules/pending/discord_spellcheck-1.zip: 28%
10/3/2025, 8:49:26 PM GMT+2 [Modules] Streaming discord_spellcheck@1 to /home/arima/.config/discord/0.0.111/modules/pending/discord_spellcheck-1.zip: 29%
10/3/2025, 8:49:26 PM GMT+2 [Modules] Streaming discord_spellcheck@1 to /home/arima/.config/discord/0.0.111/modules/pending/discord_spellcheck-1.zip: 30%
10/3/2025, 8:49:26 PM GMT+2 [Modules] Streaming discord_spellcheck@1 to /home/arima/.config/discord/0.0.111/modules/pending/discord_spellcheck-1.zip: 31%
10/3/2025, 8:49:26 PM GMT+2 [Modules] Streaming discord_spellcheck@1 to /home/arima/.config/discord/0.0.111/modules/pending/discord_spellcheck-1.zip: 32%
10/3/2025, 8:49:26 PM GMT+2 [Modules] Streaming discord_spellcheck@1 to /home/arima/.config/discord/0.0.111/modules/pending/discord_spellcheck-1.zip: 33%
10/3/2025, 8:49:26 PM GMT+2 [Modules] Streaming discord_spellcheck@1 to /home/arima/.config/discord/0.0.111/modules/pending/discord_spellcheck-1.zip: 34%
10/3/2025, 8:49:26 PM GMT+2 [Modules] Streaming discord_spellcheck@1 to /home/arima/.config/discord/0.0.111/modules/pending/discord_spellcheck-1.zip: 35%
10/3/2025, 8:49:26 PM GMT+2 [Modules] Streaming discord_spellcheck@1 to /home/arima/.config/discord/0.0.111/modules/pending/discord_spellcheck-1.zip: 36%
10/3/2025, 8:49:26 PM GMT+2 [Modules] Streaming discord_spellcheck@1 to /home/arima/.config/discord/0.0.111/modules/pending/discord_spellcheck-1.zip: 37%
10/3/2025, 8:49:26 PM GMT+2 [Modules] Streaming discord_spellcheck@1 to /home/arima/.config/discord/0.0.111/modules/pending/discord_spellcheck-1.zip: 38%
10/3/2025, 8:49:26 PM GMT+2 [Modules] Streaming discord_spellcheck@1 to /home/arima/.config/discord/0.0.111/modules/pending/discord_spellcheck-1.zip: 39%
10/3/2025, 8:49:26 PM GMT+2 [Modules] Streaming discord_spellcheck@1 to /home/arima/.config/discord/0.0.111/modules/pending/discord_spellcheck-1.zip: 41%
10/3/2025, 8:49:26 PM GMT+2 [Modules] Streaming discord_spellcheck@1 to /home/arima/.config/discord/0.0.111/modules/pending/discord_spellcheck-1.zip: 42%
10/3/2025, 8:49:26 PM GMT+2 [Modules] Streaming discord_spellcheck@1 to /home/arima/.config/discord/0.0.111/modules/pending/discord_spellcheck-1.zip: 43%
10/3/2025, 8:49:26 PM GMT+2 [Modules] Streaming discord_spellcheck@1 to /home/arima/.config/discord/0.0.111/modules/pending/discord_spellcheck-1.zip: 45%
10/3/2025, 8:49:26 PM GMT+2 [Modules] Streaming discord_spellcheck@1 to /home/arima/.config/discord/0.0.111/modules/pending/discord_spellcheck-1.zip: 46%
10/3/2025, 8:49:26 PM GMT+2 [Modules] Streaming discord_spellcheck@1 to /home/arima/.config/discord/0.0.111/modules/pending/discord_spellcheck-1.zip: 47%
10/3/2025, 8:49:26 PM GMT+2 [Modules] Streaming discord_spellcheck@1 to /home/arima/.config/discord/0.0.111/modules/pending/discord_spellcheck-1.zip: 48%
10/3/2025, 8:49:26 PM GMT+2 [Modules] Streaming discord_spellcheck@1 to /home/arima/.config/discord/0.0.111/modules/pending/discord_spellcheck-1.zip: 49%
10/3/2025, 8:49:26 PM GMT+2 [Modules] Streaming discord_spellcheck@1 to /home/arima/.config/discord/0.0.111/modules/pending/discord_spellcheck-1.zip: 51%
10/3/2025, 8:49:26 PM GMT+2 [Modules] Streaming discord_spellcheck@1 to /home/arima/.config/discord/0.0.111/modules/pending/discord_spellcheck-1.zip: 52%
10/3/2025, 8:49:26 PM GMT+2 [Modules] Streaming discord_spellcheck@1 to /home/arima/.config/discord/0.0.111/modules/pending/discord_spellcheck-1.zip: 54%
10/3/2025, 8:49:26 PM GMT+2 [Modules] Streaming discord_spellcheck@1 to /home/arima/.config/discord/0.0.111/modules/pending/discord_spellcheck-1.zip: 55%
10/3/2025, 8:49:26 PM GMT+2 [Modules] Streaming discord_spellcheck@1 to /home/arima/.config/discord/0.0.111/modules/pending/discord_spellcheck-1.zip: 56%
10/3/2025, 8:49:26 PM GMT+2 [Modules] Streaming discord_spellcheck@1 to /home/arima/.config/discord/0.0.111/modules/pending/discord_spellcheck-1.zip: 58%
10/3/2025, 8:49:26 PM GMT+2 [Modules] Streaming discord_spellcheck@1 to /home/arima/.config/discord/0.0.111/modules/pending/discord_spellcheck-1.zip: 60%
10/3/2025, 8:49:26 PM GMT+2 [Modules] Streaming discord_spellcheck@1 to /home/arima/.config/discord/0.0.111/modules/pending/discord_spellcheck-1.zip: 62%
10/3/2025, 8:49:26 PM GMT+2 [Modules] Streaming discord_spellcheck@1 to /home/arima/.config/discord/0.0.111/modules/pending/discord_spellcheck-1.zip: 63%
10/3/2025, 8:49:26 PM GMT+2 [Modules] Streaming discord_spellcheck@1 to /home/arima/.config/discord/0.0.111/modules/pending/discord_spellcheck-1.zip: 65%
10/3/2025, 8:49:26 PM GMT+2 [Modules] Streaming discord_spellcheck@1 to /home/arima/.config/discord/0.0.111/modules/pending/discord_spellcheck-1.zip: 66%
10/3/2025, 8:49:26 PM GMT+2 [Modules] Streaming discord_spellcheck@1 to /home/arima/.config/discord/0.0.111/modules/pending/discord_spellcheck-1.zip: 67%
10/3/2025, 8:49:26 PM GMT+2 [Modules] Streaming discord_spellcheck@1 to /home/arima/.config/discord/0.0.111/modules/pending/discord_spellcheck-1.zip: 68%
10/3/2025, 8:49:26 PM GMT+2 [Modules] Streaming discord_spellcheck@1 to /home/arima/.config/discord/0.0.111/modules/pending/discord_spellcheck-1.zip: 70%
10/3/2025, 8:49:26 PM GMT+2 [Modules] Streaming discord_spellcheck@1 to /home/arima/.config/discord/0.0.111/modules/pending/discord_spellcheck-1.zip: 72%
10/3/2025, 8:49:26 PM GMT+2 [Modules] Streaming discord_spellcheck@1 to /home/arima/.config/discord/0.0.111/modules/pending/discord_spellcheck-1.zip: 73%
10/3/2025, 8:49:26 PM GMT+2 [Modules] Streaming discord_spellcheck@1 to /home/arima/.config/discord/0.0.111/modules/pending/discord_spellcheck-1.zip: 74%
10/3/2025, 8:49:26 PM GMT+2 [Modules] Streaming discord_spellcheck@1 to /home/arima/.config/discord/0.0.111/modules/pending/discord_spellcheck-1.zip: 75%
10/3/2025, 8:49:26 PM GMT+2 [Modules] Streaming discord_spellcheck@1 to /home/arima/.config/discord/0.0.111/modules/pending/discord_spellcheck-1.zip: 76%
10/3/2025, 8:49:26 PM GMT+2 [Modules] Streaming discord_spellcheck@1 to /home/arima/.config/discord/0.0.111/modules/pending/discord_spellcheck-1.zip: 77%
10/3/2025, 8:49:26 PM GMT+2 [Modules] Streaming discord_spellcheck@1 to /home/arima/.config/discord/0.0.111/modules/pending/discord_spellcheck-1.zip: 78%
10/3/2025, 8:49:26 PM GMT+2 [Modules] Streaming discord_spellcheck@1 to /home/arima/.config/discord/0.0.111/modules/pending/discord_spellcheck-1.zip: 79%
10/3/2025, 8:49:26 PM GMT+2 [Modules] Streaming discord_spellcheck@1 to /home/arima/.config/discord/0.0.111/modules/pending/discord_spellcheck-1.zip: 80%
10/3/2025, 8:49:26 PM GMT+2 [Modules] Streaming discord_spellcheck@1 to /home/arima/.config/discord/0.0.111/modules/pending/discord_spellcheck-1.zip: 81%
10/3/2025, 8:49:26 PM GMT+2 [Modules] Streaming discord_spellcheck@1 to /home/arima/.config/discord/0.0.111/modules/pending/discord_spellcheck-1.zip: 82%
10/3/2025, 8:49:26 PM GMT+2 [Modules] Streaming discord_spellcheck@1 to /home/arima/.config/discord/0.0.111/modules/pending/discord_spellcheck-1.zip: 83%
10/3/2025, 8:49:26 PM GMT+2 [Modules] Streaming discord_spellcheck@1 to /home/arima/.config/discord/0.0.111/modules/pending/discord_spellcheck-1.zip: 84%
10/3/2025, 8:49:26 PM GMT+2 [Modules] Streaming discord_spellcheck@1 to /home/arima/.config/discord/0.0.111/modules/pending/discord_spellcheck-1.zip: 85%
10/3/2025, 8:49:26 PM GMT+2 [Modules] Streaming discord_spellcheck@1 to /home/arima/.config/discord/0.0.111/modules/pending/discord_spellcheck-1.zip: 87%
10/3/2025, 8:49:26 PM GMT+2 [Modules] Streaming discord_spellcheck@1 to /home/arima/.config/discord/0.0.111/modules/pending/discord_spellcheck-1.zip: 88%
10/3/2025, 8:49:26 PM GMT+2 [Modules] Streaming discord_spellcheck@1 to /home/arima/.config/discord/0.0.111/modules/pending/discord_spellcheck-1.zip: 89%
10/3/2025, 8:49:26 PM GMT+2 [Modules] Streaming discord_spellcheck@1 to /home/arima/.config/discord/0.0.111/modules/pending/discord_spellcheck-1.zip: 92%
10/3/2025, 8:49:26 PM GMT+2 [Modules] Streaming discord_spellcheck@1 to /home/arima/.config/discord/0.0.111/modules/pending/discord_spellcheck-1.zip: 93%
10/3/2025, 8:49:26 PM GMT+2 [Modules] Streaming discord_spellcheck@1 to /home/arima/.config/discord/0.0.111/modules/pending/discord_spellcheck-1.zip: 95%
10/3/2025, 8:49:26 PM GMT+2 [Modules] Streaming discord_spellcheck@1 to /home/arima/.config/discord/0.0.111/modules/pending/discord_spellcheck-1.zip: 96%
10/3/2025, 8:49:26 PM GMT+2 [Modules] Streaming discord_spellcheck@1 to /home/arima/.config/discord/0.0.111/modules/pending/discord_spellcheck-1.zip: 97%
10/3/2025, 8:49:26 PM GMT+2 [Modules] Streaming discord_spellcheck@1 to /home/arima/.config/discord/0.0.111/modules/pending/discord_spellcheck-1.zip: 98%
10/3/2025, 8:49:26 PM GMT+2 [Modules] Streaming discord_spellcheck@1 to /home/arima/.config/discord/0.0.111/modules/pending/discord_spellcheck-1.zip: 100%
10/3/2025, 8:49:26 PM GMT+2 [Modules] Fetching discord_utils@2 from https://discord.com/api/modules/stable/discord_utils/2
10/3/2025, 8:49:26 PM GMT+2 [Modules] Streaming discord_utils@2 to /home/arima/.config/discord/0.0.111/modules/pending/discord_utils-2.zip
10/3/2025, 8:49:27 PM GMT+2 [Modules] Streaming discord_utils@2 to /home/arima/.config/discord/0.0.111/modules/pending/discord_utils-2.zip: 2%
10/3/2025, 8:49:27 PM GMT+2 [Modules] Streaming discord_utils@2 to /home/arima/.config/discord/0.0.111/modules/pending/discord_utils-2.zip: 6%
10/3/2025, 8:49:27 PM GMT+2 [Modules] Streaming discord_utils@2 to /home/arima/.config/discord/0.0.111/modules/pending/discord_utils-2.zip: 7%
10/3/2025, 8:49:27 PM GMT+2 [Modules] Streaming discord_utils@2 to /home/arima/.config/discord/0.0.111/modules/pending/discord_utils-2.zip: 8%
10/3/2025, 8:49:27 PM GMT+2 [Modules] Streaming discord_utils@2 to /home/arima/.config/discord/0.0.111/modules/pending/discord_utils-2.zip: 15%
10/3/2025, 8:49:27 PM GMT+2 [Modules] Streaming discord_utils@2 to /home/arima/.config/discord/0.0.111/modules/pending/discord_utils-2.zip: 16%
10/3/2025, 8:49:27 PM GMT+2 [Modules] Streaming discord_utils@2 to /home/arima/.config/discord/0.0.111/modules/pending/discord_utils-2.zip: 18%
10/3/2025, 8:49:27 PM GMT+2 [Modules] Streaming discord_utils@2 to /home/arima/.config/discord/0.0.111/modules/pending/discord_utils-2.zip: 27%
10/3/2025, 8:49:27 PM GMT+2 [Modules] Streaming discord_utils@2 to /home/arima/.config/discord/0.0.111/modules/pending/discord_utils-2.zip: 32%
10/3/2025, 8:49:27 PM GMT+2 [Modules] Streaming discord_utils@2 to /home/arima/.config/discord/0.0.111/modules/pending/discord_utils-2.zip: 35%
10/3/2025, 8:49:27 PM GMT+2 [Modules] Streaming discord_utils@2 to /home/arima/.config/discord/0.0.111/modules/pending/discord_utils-2.zip: 44%
10/3/2025, 8:49:27 PM GMT+2 [Modules] Streaming discord_utils@2 to /home/arima/.config/discord/0.0.111/modules/pending/discord_utils-2.zip: 46%
10/3/2025, 8:49:27 PM GMT+2 [Modules] Streaming discord_utils@2 to /home/arima/.config/discord/0.0.111/modules/pending/discord_utils-2.zip: 48%
10/3/2025, 8:49:27 PM GMT+2 [Modules] Streaming discord_utils@2 to /home/arima/.config/discord/0.0.111/modules/pending/discord_utils-2.zip: 50%
10/3/2025, 8:49:27 PM GMT+2 [Modules] Streaming discord_utils@2 to /home/arima/.config/discord/0.0.111/modules/pending/discord_utils-2.zip: 57%
10/3/2025, 8:49:27 PM GMT+2 [Modules] Streaming discord_utils@2 to /home/arima/.config/discord/0.0.111/modules/pending/discord_utils-2.zip: 59%
10/3/2025, 8:49:27 PM GMT+2 [Modules] Streaming discord_utils@2 to /home/arima/.config/discord/0.0.111/modules/pending/discord_utils-2.zip: 62%
10/3/2025, 8:49:27 PM GMT+2 [Modules] Streaming discord_utils@2 to /home/arima/.config/discord/0.0.111/modules/pending/discord_utils-2.zip: 69%
10/3/2025, 8:49:27 PM GMT+2 [Modules] Streaming discord_utils@2 to /home/arima/.config/discord/0.0.111/modules/pending/discord_utils-2.zip: 70%
10/3/2025, 8:49:27 PM GMT+2 [Modules] Streaming discord_utils@2 to /home/arima/.config/discord/0.0.111/modules/pending/discord_utils-2.zip: 71%
10/3/2025, 8:49:27 PM GMT+2 [Modules] Streaming discord_utils@2 to /home/arima/.config/discord/0.0.111/modules/pending/discord_utils-2.zip: 72%
10/3/2025, 8:49:27 PM GMT+2 [Modules] Streaming discord_utils@2 to /home/arima/.config/discord/0.0.111/modules/pending/discord_utils-2.zip: 75%
10/3/2025, 8:49:27 PM GMT+2 [Modules] Streaming discord_utils@2 to /home/arima/.config/discord/0.0.111/modules/pending/discord_utils-2.zip: 77%
10/3/2025, 8:49:27 PM GMT+2 [Modules] Streaming discord_utils@2 to /home/arima/.config/discord/0.0.111/modules/pending/discord_utils-2.zip: 78%
10/3/2025, 8:49:27 PM GMT+2 [Modules] Streaming discord_utils@2 to /home/arima/.config/discord/0.0.111/modules/pending/discord_utils-2.zip: 79%
10/3/2025, 8:49:27 PM GMT+2 [Modules] Streaming discord_utils@2 to /home/arima/.config/discord/0.0.111/modules/pending/discord_utils-2.zip: 81%
10/3/2025, 8:49:27 PM GMT+2 [Modules] Streaming discord_utils@2 to /home/arima/.config/discord/0.0.111/modules/pending/discord_utils-2.zip: 82%
10/3/2025, 8:49:27 PM GMT+2 [Modules] Streaming discord_utils@2 to /home/arima/.config/discord/0.0.111/modules/pending/discord_utils-2.zip: 83%
10/3/2025, 8:49:27 PM GMT+2 [Modules] Streaming discord_utils@2 to /home/arima/.config/discord/0.0.111/modules/pending/discord_utils-2.zip: 84%
10/3/2025, 8:49:27 PM GMT+2 [Modules] Streaming discord_utils@2 to /home/arima/.config/discord/0.0.111/modules/pending/discord_utils-2.zip: 85%
10/3/2025, 8:49:27 PM GMT+2 [Modules] Streaming discord_utils@2 to /home/arima/.config/discord/0.0.111/modules/pending/discord_utils-2.zip: 87%
10/3/2025, 8:49:27 PM GMT+2 [Modules] Streaming discord_utils@2 to /home/arima/.config/discord/0.0.111/modules/pending/discord_utils-2.zip: 88%
10/3/2025, 8:49:27 PM GMT+2 [Modules] Streaming discord_utils@2 to /home/arima/.config/discord/0.0.111/modules/pending/discord_utils-2.zip: 97%
10/3/2025, 8:49:27 PM GMT+2 [Modules] Streaming discord_utils@2 to /home/arima/.config/discord/0.0.111/modules/pending/discord_utils-2.zip: 100%
10/3/2025, 8:49:27 PM GMT+2 [Modules] Fetching discord_voice@2 from https://discord.com/api/modules/stable/discord_voice/2
10/3/2025, 8:49:27 PM GMT+2 [Modules] Streaming discord_voice@2 to /home/arima/.config/discord/0.0.111/modules/pending/discord_voice-2.zip
10/3/2025, 8:49:27 PM GMT+2 [Modules] Streaming discord_voice@2 to /home/arima/.config/discord/0.0.111/modules/pending/discord_voice-2.zip: 1%
10/3/2025, 8:49:27 PM GMT+2 [Modules] Streaming discord_voice@2 to /home/arima/.config/discord/0.0.111/modules/pending/discord_voice-2.zip: 2%
10/3/2025, 8:49:27 PM GMT+2 [Modules] Streaming discord_voice@2 to /home/arima/.config/discord/0.0.111/modules/pending/discord_voice-2.zip: 3%
10/3/2025, 8:49:27 PM GMT+2 [Modules] Streaming discord_voice@2 to /home/arima/.config/discord/0.0.111/modules/pending/discord_voice-2.zip: 4%
10/3/2025, 8:49:27 PM GMT+2 [Modules] Streaming discord_voice@2 to /home/arima/.config/discord/0.0.111/modules/pending/discord_voice-2.zip: 5%
10/3/2025, 8:49:27 PM GMT+2 [Modules] Streaming discord_voice@2 to /home/arima/.config/discord/0.0.111/modules/pending/discord_voice-2.zip: 6%
10/3/2025, 8:49:27 PM GMT+2 [Modules] Streaming discord_voice@2 to /home/arima/.config/discord/0.0.111/modules/pending/discord_voice-2.zip: 7%
10/3/2025, 8:49:27 PM GMT+2 [Modules] Streaming discord_voice@2 to /home/arima/.config/discord/0.0.111/modules/pending/discord_voice-2.zip: 8%
10/3/2025, 8:49:27 PM GMT+2 [Modules] Streaming discord_voice@2 to /home/arima/.config/discord/0.0.111/modules/pending/discord_voice-2.zip: 9%
10/3/2025, 8:49:28 PM GMT+2 [Modules] Streaming discord_voice@2 to /home/arima/.config/discord/0.0.111/modules/pending/discord_voice-2.zip: 11%
10/3/2025, 8:49:28 PM GMT+2 [Modules] Streaming discord_voice@2 to /home/arima/.config/discord/0.0.111/modules/pending/discord_voice-2.zip: 12%
10/3/2025, 8:49:28 PM GMT+2 [Modules] Streaming discord_voice@2 to /home/arima/.config/discord/0.0.111/modules/pending/discord_voice-2.zip: 13%
10/3/2025, 8:49:28 PM GMT+2 [Modules] Streaming discord_voice@2 to /home/arima/.config/discord/0.0.111/modules/pending/discord_voice-2.zip: 14%
10/3/2025, 8:49:28 PM GMT+2 [Modules] Streaming discord_voice@2 to /home/arima/.config/discord/0.0.111/modules/pending/discord_voice-2.zip: 15%
10/3/2025, 8:49:28 PM GMT+2 [Modules] Streaming discord_voice@2 to /home/arima/.config/discord/0.0.111/modules/pending/discord_voice-2.zip: 16%
10/3/2025, 8:49:28 PM GMT+2 [Modules] Streaming discord_voice@2 to /home/arima/.config/discord/0.0.111/modules/pending/discord_voice-2.zip: 17%
10/3/2025, 8:49:28 PM GMT+2 [Modules] Streaming discord_voice@2 to /home/arima/.config/discord/0.0.111/modules/pending/discord_voice-2.zip: 18%
10/3/2025, 8:49:28 PM GMT+2 [Modules] Streaming discord_voice@2 to /home/arima/.config/discord/0.0.111/modules/pending/discord_voice-2.zip: 19%
10/3/2025, 8:49:28 PM GMT+2 [Modules] Streaming discord_voice@2 to /home/arima/.config/discord/0.0.111/modules/pending/discord_voice-2.zip: 20%
10/3/2025, 8:49:28 PM GMT+2 [Modules] Streaming discord_voice@2 to /home/arima/.config/discord/0.0.111/modules/pending/discord_voice-2.zip: 21%
10/3/2025, 8:49:28 PM GMT+2 [Modules] Streaming discord_voice@2 to /home/arima/.config/discord/0.0.111/modules/pending/discord_voice-2.zip: 22%
10/3/2025, 8:49:28 PM GMT+2 [Modules] Streaming discord_voice@2 to /home/arima/.config/discord/0.0.111/modules/pending/discord_voice-2.zip: 23%
10/3/2025, 8:49:28 PM GMT+2 [Modules] Streaming discord_voice@2 to /home/arima/.config/discord/0.0.111/modules/pending/discord_voice-2.zip: 24%
10/3/2025, 8:49:28 PM GMT+2 [Modules] Streaming discord_voice@2 to /home/arima/.config/discord/0.0.111/modules/pending/discord_voice-2.zip: 25%
10/3/2025, 8:49:28 PM GMT+2 [Modules] Streaming discord_voice@2 to /home/arima/.config/discord/0.0.111/modules/pending/discord_voice-2.zip: 26%
10/3/2025, 8:49:28 PM GMT+2 [Modules] Streaming discord_voice@2 to /home/arima/.config/discord/0.0.111/modules/pending/discord_voice-2.zip: 27%
10/3/2025, 8:49:28 PM GMT+2 [Modules] Streaming discord_voice@2 to /home/arima/.config/discord/0.0.111/modules/pending/discord_voice-2.zip: 29%
10/3/2025, 8:49:28 PM GMT+2 [Modules] Streaming discord_voice@2 to /home/arima/.config/discord/0.0.111/modules/pending/discord_voice-2.zip: 30%
10/3/2025, 8:49:28 PM GMT+2 [Modules] Streaming discord_voice@2 to /home/arima/.config/discord/0.0.111/modules/pending/discord_voice-2.zip: 31%
10/3/2025, 8:49:28 PM GMT+2 [Modules] Streaming discord_voice@2 to /home/arima/.config/discord/0.0.111/modules/pending/discord_voice-2.zip: 32%
10/3/2025, 8:49:28 PM GMT+2 [Modules] Streaming discord_voice@2 to /home/arima/.config/discord/0.0.111/modules/pending/discord_voice-2.zip: 34%
10/3/2025, 8:49:28 PM GMT+2 [Modules] Streaming discord_voice@2 to /home/arima/.config/discord/0.0.111/modules/pending/discord_voice-2.zip: 35%
10/3/2025, 8:49:28 PM GMT+2 [Modules] Streaming discord_voice@2 to /home/arima/.config/discord/0.0.111/modules/pending/discord_voice-2.zip: 36%
10/3/2025, 8:49:28 PM GMT+2 [Modules] Streaming discord_voice@2 to /home/arima/.config/discord/0.0.111/modules/pending/discord_voice-2.zip: 37%
10/3/2025, 8:49:28 PM GMT+2 [Modules] Streaming discord_voice@2 to /home/arima/.config/discord/0.0.111/modules/pending/discord_voice-2.zip: 38%
10/3/2025, 8:49:28 PM GMT+2 [Modules] Streaming discord_voice@2 to /home/arima/.config/discord/0.0.111/modules/pending/discord_voice-2.zip: 39%
10/3/2025, 8:49:28 PM GMT+2 [Modules] Streaming discord_voice@2 to /home/arima/.config/discord/0.0.111/modules/pending/discord_voice-2.zip: 40%
10/3/2025, 8:49:28 PM GMT+2 [Modules] Streaming discord_voice@2 to /home/arima/.config/discord/0.0.111/modules/pending/discord_voice-2.zip: 41%
10/3/2025, 8:49:28 PM GMT+2 [Modules] Streaming discord_voice@2 to /home/arima/.config/discord/0.0.111/modules/pending/discord_voice-2.zip: 42%
10/3/2025, 8:49:28 PM GMT+2 [Modules] Streaming discord_voice@2 to /home/arima/.config/discord/0.0.111/modules/pending/discord_voice-2.zip: 43%
10/3/2025, 8:49:28 PM GMT+2 [Modules] Streaming discord_voice@2 to /home/arima/.config/discord/0.0.111/modules/pending/discord_voice-2.zip: 44%
10/3/2025, 8:49:28 PM GMT+2 [Modules] Streaming discord_voice@2 to /home/arima/.config/discord/0.0.111/modules/pending/discord_voice-2.zip: 45%
10/3/2025, 8:49:28 PM GMT+2 [Modules] Streaming discord_voice@2 to /home/arima/.config/discord/0.0.111/modules/pending/discord_voice-2.zip: 46%
10/3/2025, 8:49:28 PM GMT+2 [Modules] Streaming discord_voice@2 to /home/arima/.config/discord/0.0.111/modules/pending/discord_voice-2.zip: 47%
10/3/2025, 8:49:28 PM GMT+2 [Modules] Streaming discord_voice@2 to /home/arima/.config/discord/0.0.111/modules/pending/discord_voice-2.zip: 48%
10/3/2025, 8:49:28 PM GMT+2 [Modules] Streaming discord_voice@2 to /home/arima/.config/discord/0.0.111/modules/pending/discord_voice-2.zip: 49%
10/3/2025, 8:49:28 PM GMT+2 [Modules] Streaming discord_voice@2 to /home/arima/.config/discord/0.0.111/modules/pending/discord_voice-2.zip: 50%
10/3/2025, 8:49:28 PM GMT+2 [Modules] Streaming discord_voice@2 to /home/arima/.config/discord/0.0.111/modules/pending/discord_voice-2.zip: 51%
10/3/2025, 8:49:28 PM GMT+2 [Modules] Streaming discord_voice@2 to /home/arima/.config/discord/0.0.111/modules/pending/discord_voice-2.zip: 53%
10/3/2025, 8:49:28 PM GMT+2 [Modules] Streaming discord_voice@2 to /home/arima/.config/discord/0.0.111/modules/pending/discord_voice-2.zip: 54%
10/3/2025, 8:49:28 PM GMT+2 [Modules] Streaming discord_voice@2 to /home/arima/.config/discord/0.0.111/modules/pending/discord_voice-2.zip: 55%
10/3/2025, 8:49:28 PM GMT+2 [Modules] Streaming discord_voice@2 to /home/arima/.config/discord/0.0.111/modules/pending/discord_voice-2.zip: 56%
10/3/2025, 8:49:28 PM GMT+2 [Modules] Streaming discord_voice@2 to /home/arima/.config/discord/0.0.111/modules/pending/discord_voice-2.zip: 57%
10/3/2025, 8:49:28 PM GMT+2 [Modules] Streaming discord_voice@2 to /home/arima/.config/discord/0.0.111/modules/pending/discord_voice-2.zip: 58%
10/3/2025, 8:49:28 PM GMT+2 [Modules] Streaming discord_voice@2 to /home/arima/.config/discord/0.0.111/modules/pending/discord_voice-2.zip: 59%
10/3/2025, 8:49:28 PM GMT+2 [Modules] Streaming discord_voice@2 to /home/arima/.config/discord/0.0.111/modules/pending/discord_voice-2.zip: 60%
10/3/2025, 8:49:28 PM GMT+2 [Modules] Streaming discord_voice@2 to /home/arima/.config/discord/0.0.111/modules/pending/discord_voice-2.zip: 61%
10/3/2025, 8:49:28 PM GMT+2 [Modules] Streaming discord_voice@2 to /home/arima/.config/discord/0.0.111/modules/pending/discord_voice-2.zip: 62%
10/3/2025, 8:49:28 PM GMT+2 [Modules] Streaming discord_voice@2 to /home/arima/.config/discord/0.0.111/modules/pending/discord_voice-2.zip: 63%
10/3/2025, 8:49:28 PM GMT+2 [Modules] Streaming discord_voice@2 to /home/arima/.config/discord/0.0.111/modules/pending/discord_voice-2.zip: 64%
10/3/2025, 8:49:28 PM GMT+2 [Modules] Streaming discord_voice@2 to /home/arima/.config/discord/0.0.111/modules/pending/discord_voice-2.zip: 65%
10/3/2025, 8:49:28 PM GMT+2 [Modules] Streaming discord_voice@2 to /home/arima/.config/discord/0.0.111/modules/pending/discord_voice-2.zip: 66%
10/3/2025, 8:49:28 PM GMT+2 [Modules] Streaming discord_voice@2 to /home/arima/.config/discord/0.0.111/modules/pending/discord_voice-2.zip: 67%
10/3/2025, 8:49:28 PM GMT+2 [Modules] Streaming discord_voice@2 to /home/arima/.config/discord/0.0.111/modules/pending/discord_voice-2.zip: 68%
10/3/2025, 8:49:28 PM GMT+2 [Modules] Streaming discord_voice@2 to /home/arima/.config/discord/0.0.111/modules/pending/discord_voice-2.zip: 69%
10/3/2025, 8:49:28 PM GMT+2 [Modules] Streaming discord_voice@2 to /home/arima/.config/discord/0.0.111/modules/pending/discord_voice-2.zip: 70%
10/3/2025, 8:49:28 PM GMT+2 [Modules] Streaming discord_voice@2 to /home/arima/.config/discord/0.0.111/modules/pending/discord_voice-2.zip: 71%
10/3/2025, 8:49:28 PM GMT+2 [Modules] Streaming discord_voice@2 to /home/arima/.config/discord/0.0.111/modules/pending/discord_voice-2.zip: 72%
10/3/2025, 8:49:28 PM GMT+2 [Modules] Streaming discord_voice@2 to /home/arima/.config/discord/0.0.111/modules/pending/discord_voice-2.zip: 73%
10/3/2025, 8:49:28 PM GMT+2 [Modules] Streaming discord_voice@2 to /home/arima/.config/discord/0.0.111/modules/pending/discord_voice-2.zip: 74%
10/3/2025, 8:49:28 PM GMT+2 [Modules] Streaming discord_voice@2 to /home/arima/.config/discord/0.0.111/modules/pending/discord_voice-2.zip: 75%
10/3/2025, 8:49:28 PM GMT+2 [Modules] Streaming discord_voice@2 to /home/arima/.config/discord/0.0.111/modules/pending/discord_voice-2.zip: 76%
10/3/2025, 8:49:28 PM GMT+2 [Modules] Streaming discord_voice@2 to /home/arima/.config/discord/0.0.111/modules/pending/discord_voice-2.zip: 77%
10/3/2025, 8:49:28 PM GMT+2 [Modules] Streaming discord_voice@2 to /home/arima/.config/discord/0.0.111/modules/pending/discord_voice-2.zip: 78%
10/3/2025, 8:49:28 PM GMT+2 [Modules] Streaming discord_voice@2 to /home/arima/.config/discord/0.0.111/modules/pending/discord_voice-2.zip: 79%
10/3/2025, 8:49:28 PM GMT+2 [Modules] Streaming discord_voice@2 to /home/arima/.config/discord/0.0.111/modules/pending/discord_voice-2.zip: 81%
10/3/2025, 8:49:28 PM GMT+2 [Modules] Streaming discord_voice@2 to /home/arima/.config/discord/0.0.111/modules/pending/discord_voice-2.zip: 82%
10/3/2025, 8:49:28 PM GMT+2 [Modules] Streaming discord_voice@2 to /home/arima/.config/discord/0.0.111/modules/pending/discord_voice-2.zip: 83%
10/3/2025, 8:49:28 PM GMT+2 [Modules] Streaming discord_voice@2 to /home/arima/.config/discord/0.0.111/modules/pending/discord_voice-2.zip: 84%
10/3/2025, 8:49:28 PM GMT+2 [Modules] Streaming discord_voice@2 to /home/arima/.config/discord/0.0.111/modules/pending/discord_voice-2.zip: 85%
10/3/2025, 8:49:28 PM GMT+2 [Modules] Streaming discord_voice@2 to /home/arima/.config/discord/0.0.111/modules/pending/discord_voice-2.zip: 86%
10/3/2025, 8:49:28 PM GMT+2 [Modules] Streaming discord_voice@2 to /home/arima/.config/discord/0.0.111/modules/pending/discord_voice-2.zip: 87%
10/3/2025, 8:49:28 PM GMT+2 [Modules] Streaming discord_voice@2 to /home/arima/.config/discord/0.0.111/modules/pending/discord_voice-2.zip: 88%
10/3/2025, 8:49:28 PM GMT+2 [Modules] Streaming discord_voice@2 to /home/arima/.config/discord/0.0.111/modules/pending/discord_voice-2.zip: 89%
10/3/2025, 8:49:28 PM GMT+2 [Modules] Streaming discord_voice@2 to /home/arima/.config/discord/0.0.111/modules/pending/discord_voice-2.zip: 90%
10/3/2025, 8:49:28 PM GMT+2 [Modules] Streaming discord_voice@2 to /home/arima/.config/discord/0.0.111/modules/pending/discord_voice-2.zip: 91%
10/3/2025, 8:49:28 PM GMT+2 [Modules] Streaming discord_voice@2 to /home/arima/.config/discord/0.0.111/modules/pending/discord_voice-2.zip: 92%
10/3/2025, 8:49:28 PM GMT+2 [Modules] Streaming discord_voice@2 to /home/arima/.config/discord/0.0.111/modules/pending/discord_voice-2.zip: 94%
10/3/2025, 8:49:28 PM GMT+2 [Modules] Streaming discord_voice@2 to /home/arima/.config/discord/0.0.111/modules/pending/discord_voice-2.zip: 95%
10/3/2025, 8:49:28 PM GMT+2 [Modules] Streaming discord_voice@2 to /home/arima/.config/discord/0.0.111/modules/pending/discord_voice-2.zip: 96%
10/3/2025, 8:49:28 PM GMT+2 [Modules] Streaming discord_voice@2 to /home/arima/.config/discord/0.0.111/modules/pending/discord_voice-2.zip: 97%
10/3/2025, 8:49:28 PM GMT+2 [Modules] Streaming discord_voice@2 to /home/arima/.config/discord/0.0.111/modules/pending/discord_voice-2.zip: 98%
10/3/2025, 8:49:28 PM GMT+2 [Modules] Streaming discord_voice@2 to /home/arima/.config/discord/0.0.111/modules/pending/discord_voice-2.zip: 100%
10/3/2025, 8:49:28 PM GMT+2 [Modules] Fetching discord_zstd@1 from https://discord.com/api/modules/stable/discord_zstd/1
10/3/2025, 8:49:28 PM GMT+2 [Modules] Streaming discord_zstd@1 to /home/arima/.config/discord/0.0.111/modules/pending/discord_zstd-1.zip
10/3/2025, 8:49:29 PM GMT+2 [Modules] Streaming discord_zstd@1 to /home/arima/.config/discord/0.0.111/modules/pending/discord_zstd-1.zip: 26%
10/3/2025, 8:49:29 PM GMT+2 [Modules] Streaming discord_zstd@1 to /home/arima/.config/discord/0.0.111/modules/pending/discord_zstd-1.zip: 27%
10/3/2025, 8:49:29 PM GMT+2 [Modules] Streaming discord_zstd@1 to /home/arima/.config/discord/0.0.111/modules/pending/discord_zstd-1.zip: 29%
10/3/2025, 8:49:29 PM GMT+2 [Modules] Streaming discord_zstd@1 to /home/arima/.config/discord/0.0.111/modules/pending/discord_zstd-1.zip: 37%
10/3/2025, 8:49:29 PM GMT+2 [Modules] Streaming discord_zstd@1 to /home/arima/.config/discord/0.0.111/modules/pending/discord_zstd-1.zip: 47%
10/3/2025, 8:49:29 PM GMT+2 [Modules] Streaming discord_zstd@1 to /home/arima/.config/discord/0.0.111/modules/pending/discord_zstd-1.zip: 64%
10/3/2025, 8:49:29 PM GMT+2 [Modules] Streaming discord_zstd@1 to /home/arima/.config/discord/0.0.111/modules/pending/discord_zstd-1.zip: 100%
10/3/2025, 8:49:29 PM GMT+2 [Modules] Finished module downloads. [success: 6] [failure: 0]
10/3/2025, 8:49:29 PM GMT+2 [Modules] Installing updates...
10/3/2025, 8:49:29 PM GMT+2 [Modules] Installing discord_desktop_core@1 from /home/arima/.config/discord/0.0.111/modules/pending/discord_desktop_core-1.zip
10/3/2025, 8:49:29 PM GMT+2 [Modules] Installing discord_erlpack@1 from /home/arima/.config/discord/0.0.111/modules/pending/discord_erlpack-1.zip
10/3/2025, 8:49:29 PM GMT+2 [Modules] Installing discord_spellcheck@1 from /home/arima/.config/discord/0.0.111/modules/pending/discord_spellcheck-1.zip
10/3/2025, 8:49:30 PM GMT+2 [Modules] Installing discord_utils@2 from /home/arima/.config/discord/0.0.111/modules/pending/discord_utils-2.zip
10/3/2025, 8:49:31 PM GMT+2 [Modules] Installing discord_voice@2 from /home/arima/.config/discord/0.0.111/modules/pending/discord_voice-2.zip
10/3/2025, 8:49:32 PM GMT+2 [Modules] Installing discord_zstd@1 from /home/arima/.config/discord/0.0.111/modules/pending/discord_zstd-1.zip
10/3/2025, 8:49:32 PM GMT+2 [Modules] Finished module installations. [success: 6] [failure: 0]
10/3/2025, 8:49:32 PM GMT+2 [Modules] Checking for host updates.
10/3/2025, 8:49:32 PM GMT+2 [Modules] Host is up to date.
10/3/2025, 8:49:32 PM GMT+2 [Modules] Checking for module updates at https://discord.com/api/modules/stable/versions.json
10/3/2025, 8:49:32 PM GMT+2 [Modules] No module updates available.
10/3/2025, 8:49:34 PM GMT+2 [Modules] Starting to install discord_krisp...
10/3/2025, 8:49:34 PM GMT+2 [Modules] Fetching discord_krisp@2 from https://discord.com/api/modules/stable/discord_krisp/2
10/3/2025, 8:49:34 PM GMT+2 [Modules] Streaming discord_krisp@2 to /home/arima/.config/discord/0.0.111/modules/pending/discord_krisp-2.zip
10/3/2025, 8:49:34 PM GMT+2 [Modules] Starting to install discord_game_utils...
10/3/2025, 8:49:34 PM GMT+2 [Modules] Streaming discord_krisp@2 to /home/arima/.config/discord/0.0.111/modules/pending/discord_krisp-2.zip: 1%
10/3/2025, 8:49:34 PM GMT+2 [Modules] Streaming discord_krisp@2 to /home/arima/.config/discord/0.0.111/modules/pending/discord_krisp-2.zip: 2%
10/3/2025, 8:49:34 PM GMT+2 [Modules] Streaming discord_krisp@2 to /home/arima/.config/discord/0.0.111/modules/pending/discord_krisp-2.zip: 3%
10/3/2025, 8:49:34 PM GMT+2 [Modules] Streaming discord_krisp@2 to /home/arima/.config/discord/0.0.111/modules/pending/discord_krisp-2.zip: 4%
10/3/2025, 8:49:34 PM GMT+2 [Modules] Streaming discord_krisp@2 to /home/arima/.config/discord/0.0.111/modules/pending/discord_krisp-2.zip: 5%
10/3/2025, 8:49:35 PM GMT+2 [Modules] Streaming discord_krisp@2 to /home/arima/.config/discord/0.0.111/modules/pending/discord_krisp-2.zip: 6%
10/3/2025, 8:49:35 PM GMT+2 [Modules] Streaming discord_krisp@2 to /home/arima/.config/discord/0.0.111/modules/pending/discord_krisp-2.zip: 7%
10/3/2025, 8:49:35 PM GMT+2 [Modules] Streaming discord_krisp@2 to /home/arima/.config/discord/0.0.111/modules/pending/discord_krisp-2.zip: 8%
10/3/2025, 8:49:35 PM GMT+2 [Modules] Streaming discord_krisp@2 to /home/arima/.config/discord/0.0.111/modules/pending/discord_krisp-2.zip: 9%
10/3/2025, 8:49:35 PM GMT+2 [Modules] Streaming discord_krisp@2 to /home/arima/.config/discord/0.0.111/modules/pending/discord_krisp-2.zip: 10%
10/3/2025, 8:49:35 PM GMT+2 [Modules] Streaming discord_krisp@2 to /home/arima/.config/discord/0.0.111/modules/pending/discord_krisp-2.zip: 11%
10/3/2025, 8:49:35 PM GMT+2 [Modules] Streaming discord_krisp@2 to /home/arima/.config/discord/0.0.111/modules/pending/discord_krisp-2.zip: 12%
10/3/2025, 8:49:35 PM GMT+2 [Modules] Streaming discord_krisp@2 to /home/arima/.config/discord/0.0.111/modules/pending/discord_krisp-2.zip: 13%
10/3/2025, 8:49:35 PM GMT+2 [Modules] Streaming discord_krisp@2 to /home/arima/.config/discord/0.0.111/modules/pending/discord_krisp-2.zip: 14%
10/3/2025, 8:49:35 PM GMT+2 [Modules] Streaming discord_krisp@2 to /home/arima/.config/discord/0.0.111/modules/pending/discord_krisp-2.zip: 15%
10/3/2025, 8:49:35 PM GMT+2 [Modules] Streaming discord_krisp@2 to /home/arima/.config/discord/0.0.111/modules/pending/discord_krisp-2.zip: 16%
10/3/2025, 8:49:35 PM GMT+2 [Modules] Streaming discord_krisp@2 to /home/arima/.config/discord/0.0.111/modules/pending/discord_krisp-2.zip: 17%
10/3/2025, 8:49:35 PM GMT+2 [Modules] Streaming discord_krisp@2 to /home/arima/.config/discord/0.0.111/modules/pending/discord_krisp-2.zip: 18%
10/3/2025, 8:49:35 PM GMT+2 [Modules] Streaming discord_krisp@2 to /home/arima/.config/discord/0.0.111/modules/pending/discord_krisp-2.zip: 19%
10/3/2025, 8:49:35 PM GMT+2 [Modules] Streaming discord_krisp@2 to /home/arima/.config/discord/0.0.111/modules/pending/discord_krisp-2.zip: 20%
10/3/2025, 8:49:35 PM GMT+2 [Modules] Streaming discord_krisp@2 to /home/arima/.config/discord/0.0.111/modules/pending/discord_krisp-2.zip: 21%
10/3/2025, 8:49:35 PM GMT+2 [Modules] Streaming discord_krisp@2 to /home/arima/.config/discord/0.0.111/modules/pending/discord_krisp-2.zip: 22%
10/3/2025, 8:49:35 PM GMT+2 [Modules] Streaming discord_krisp@2 to /home/arima/.config/discord/0.0.111/modules/pending/discord_krisp-2.zip: 23%
10/3/2025, 8:49:35 PM GMT+2 [Modules] Streaming discord_krisp@2 to /home/arima/.config/discord/0.0.111/modules/pending/discord_krisp-2.zip: 24%
10/3/2025, 8:49:35 PM GMT+2 [Modules] Streaming discord_krisp@2 to /home/arima/.config/discord/0.0.111/modules/pending/discord_krisp-2.zip: 25%
10/3/2025, 8:49:35 PM GMT+2 [Modules] Streaming discord_krisp@2 to /home/arima/.config/discord/0.0.111/modules/pending/discord_krisp-2.zip: 26%
10/3/2025, 8:49:35 PM GMT+2 [Modules] Streaming discord_krisp@2 to /home/arima/.config/discord/0.0.111/modules/pending/discord_krisp-2.zip: 27%
10/3/2025, 8:49:35 PM GMT+2 [Modules] Streaming discord_krisp@2 to /home/arima/.config/discord/0.0.111/modules/pending/discord_krisp-2.zip: 28%
10/3/2025, 8:49:35 PM GMT+2 [Modules] Streaming discord_krisp@2 to /home/arima/.config/discord/0.0.111/modules/pending/discord_krisp-2.zip: 29%
10/3/2025, 8:49:35 PM GMT+2 [Modules] Streaming discord_krisp@2 to /home/arima/.config/discord/0.0.111/modules/pending/discord_krisp-2.zip: 30%
10/3/2025, 8:49:35 PM GMT+2 [Modules] Streaming discord_krisp@2 to /home/arima/.config/discord/0.0.111/modules/pending/discord_krisp-2.zip: 31%
10/3/2025, 8:49:35 PM GMT+2 [Modules] Streaming discord_krisp@2 to /home/arima/.config/discord/0.0.111/modules/pending/discord_krisp-2.zip: 32%
10/3/2025, 8:49:35 PM GMT+2 [Modules] Streaming discord_krisp@2 to /home/arima/.config/discord/0.0.111/modules/pending/discord_krisp-2.zip: 33%
10/3/2025, 8:49:35 PM GMT+2 [Modules] Streaming discord_krisp@2 to /home/arima/.config/discord/0.0.111/modules/pending/discord_krisp-2.zip: 34%
10/3/2025, 8:49:35 PM GMT+2 [Modules] Streaming discord_krisp@2 to /home/arima/.config/discord/0.0.111/modules/pending/discord_krisp-2.zip: 35%
10/3/2025, 8:49:35 PM GMT+2 [Modules] Streaming discord_krisp@2 to /home/arima/.config/discord/0.0.111/modules/pending/discord_krisp-2.zip: 36%
10/3/2025, 8:49:35 PM GMT+2 [Modules] Streaming discord_krisp@2 to /home/arima/.config/discord/0.0.111/modules/pending/discord_krisp-2.zip: 37%
10/3/2025, 8:49:35 PM GMT+2 [Modules] Streaming discord_krisp@2 to /home/arima/.config/discord/0.0.111/modules/pending/discord_krisp-2.zip: 38%
10/3/2025, 8:49:35 PM GMT+2 [Modules] Streaming discord_krisp@2 to /home/arima/.config/discord/0.0.111/modules/pending/discord_krisp-2.zip: 39%
10/3/2025, 8:49:35 PM GMT+2 [Modules] Streaming discord_krisp@2 to /home/arima/.config/discord/0.0.111/modules/pending/discord_krisp-2.zip: 40%
10/3/2025, 8:49:35 PM GMT+2 [Modules] Streaming discord_krisp@2 to /home/arima/.config/discord/0.0.111/modules/pending/discord_krisp-2.zip: 41%
10/3/2025, 8:49:35 PM GMT+2 [Modules] Streaming discord_krisp@2 to /home/arima/.config/discord/0.0.111/modules/pending/discord_krisp-2.zip: 42%
10/3/2025, 8:49:36 PM GMT+2 [Modules] Streaming discord_krisp@2 to /home/arima/.config/discord/0.0.111/modules/pending/discord_krisp-2.zip: 43%
10/3/2025, 8:49:36 PM GMT+2 [Modules] Streaming discord_krisp@2 to /home/arima/.config/discord/0.0.111/modules/pending/discord_krisp-2.zip: 44%
10/3/2025, 8:49:36 PM GMT+2 [Modules] Streaming discord_krisp@2 to /home/arima/.config/discord/0.0.111/modules/pending/discord_krisp-2.zip: 45%
10/3/2025, 8:49:36 PM GMT+2 [Modules] Streaming discord_krisp@2 to /home/arima/.config/discord/0.0.111/modules/pending/discord_krisp-2.zip: 46%
10/3/2025, 8:49:36 PM GMT+2 [Modules] Streaming discord_krisp@2 to /home/arima/.config/discord/0.0.111/modules/pending/discord_krisp-2.zip: 47%
10/3/2025, 8:49:36 PM GMT+2 [Modules] Streaming discord_krisp@2 to /home/arima/.config/discord/0.0.111/modules/pending/discord_krisp-2.zip: 48%
10/3/2025, 8:49:36 PM GMT+2 [Modules] Streaming discord_krisp@2 to /home/arima/.config/discord/0.0.111/modules/pending/discord_krisp-2.zip: 49%
10/3/2025, 8:49:36 PM GMT+2 [Modules] Streaming discord_krisp@2 to /home/arima/.config/discord/0.0.111/modules/pending/discord_krisp-2.zip: 50%
10/3/2025, 8:49:36 PM GMT+2 [Modules] Starting to install discord_rpc...
10/3/2025, 8:49:36 PM GMT+2 [Modules] Streaming discord_krisp@2 to /home/arima/.config/discord/0.0.111/modules/pending/discord_krisp-2.zip: 51%
10/3/2025, 8:49:36 PM GMT+2 [Modules] Streaming discord_krisp@2 to /home/arima/.config/discord/0.0.111/modules/pending/discord_krisp-2.zip: 52%
10/3/2025, 8:49:36 PM GMT+2 [Modules] Streaming discord_krisp@2 to /home/arima/.config/discord/0.0.111/modules/pending/discord_krisp-2.zip: 53%
10/3/2025, 8:49:36 PM GMT+2 [Modules] Streaming discord_krisp@2 to /home/arima/.config/discord/0.0.111/modules/pending/discord_krisp-2.zip: 54%
10/3/2025, 8:49:36 PM GMT+2 [Modules] Streaming discord_krisp@2 to /home/arima/.config/discord/0.0.111/modules/pending/discord_krisp-2.zip: 55%
10/3/2025, 8:49:36 PM GMT+2 [Modules] Streaming discord_krisp@2 to /home/arima/.config/discord/0.0.111/modules/pending/discord_krisp-2.zip: 56%
10/3/2025, 8:49:36 PM GMT+2 [Modules] Streaming discord_krisp@2 to /home/arima/.config/discord/0.0.111/modules/pending/discord_krisp-2.zip: 57%
10/3/2025, 8:49:36 PM GMT+2 [Modules] Streaming discord_krisp@2 to /home/arima/.config/discord/0.0.111/modules/pending/discord_krisp-2.zip: 58%
10/3/2025, 8:49:36 PM GMT+2 [Modules] Streaming discord_krisp@2 to /home/arima/.config/discord/0.0.111/modules/pending/discord_krisp-2.zip: 59%
10/3/2025, 8:49:36 PM GMT+2 [Modules] Streaming discord_krisp@2 to /home/arima/.config/discord/0.0.111/modules/pending/discord_krisp-2.zip: 60%
10/3/2025, 8:49:36 PM GMT+2 [Modules] Streaming discord_krisp@2 to /home/arima/.config/discord/0.0.111/modules/pending/discord_krisp-2.zip: 61%
10/3/2025, 8:49:36 PM GMT+2 [Modules] Streaming discord_krisp@2 to /home/arima/.config/discord/0.0.111/modules/pending/discord_krisp-2.zip: 62%
10/3/2025, 8:49:36 PM GMT+2 [Modules] Streaming discord_krisp@2 to /home/arima/.config/discord/0.0.111/modules/pending/discord_krisp-2.zip: 63%
10/3/2025, 8:49:36 PM GMT+2 [Modules] Streaming discord_krisp@2 to /home/arima/.config/discord/0.0.111/modules/pending/discord_krisp-2.zip: 64%
10/3/2025, 8:49:36 PM GMT+2 [Modules] Streaming discord_krisp@2 to /home/arima/.config/discord/0.0.111/modules/pending/discord_krisp-2.zip: 65%
10/3/2025, 8:49:36 PM GMT+2 [Modules] Streaming discord_krisp@2 to /home/arima/.config/discord/0.0.111/modules/pending/discord_krisp-2.zip: 66%
10/3/2025, 8:49:36 PM GMT+2 [Modules] Streaming discord_krisp@2 to /home/arima/.config/discord/0.0.111/modules/pending/discord_krisp-2.zip: 67%
10/3/2025, 8:49:36 PM GMT+2 [Modules] Streaming discord_krisp@2 to /home/arima/.config/discord/0.0.111/modules/pending/discord_krisp-2.zip: 68%
10/3/2025, 8:49:36 PM GMT+2 [Modules] Streaming discord_krisp@2 to /home/arima/.config/discord/0.0.111/modules/pending/discord_krisp-2.zip: 69%
10/3/2025, 8:49:36 PM GMT+2 [Modules] Streaming discord_krisp@2 to /home/arima/.config/discord/0.0.111/modules/pending/discord_krisp-2.zip: 70%
10/3/2025, 8:49:36 PM GMT+2 [Modules] Streaming discord_krisp@2 to /home/arima/.config/discord/0.0.111/modules/pending/discord_krisp-2.zip: 71%
10/3/2025, 8:49:36 PM GMT+2 [Modules] Streaming discord_krisp@2 to /home/arima/.config/discord/0.0.111/modules/pending/discord_krisp-2.zip: 72%
10/3/2025, 8:49:36 PM GMT+2 [Modules] Streaming discord_krisp@2 to /home/arima/.config/discord/0.0.111/modules/pending/discord_krisp-2.zip: 73%
10/3/2025, 8:49:36 PM GMT+2 [Modules] Streaming discord_krisp@2 to /home/arima/.config/discord/0.0.111/modules/pending/discord_krisp-2.zip: 74%
10/3/2025, 8:49:36 PM GMT+2 [Modules] Streaming discord_krisp@2 to /home/arima/.config/discord/0.0.111/modules/pending/discord_krisp-2.zip: 75%
10/3/2025, 8:49:36 PM GMT+2 [Modules] Streaming discord_krisp@2 to /home/arima/.config/discord/0.0.111/modules/pending/discord_krisp-2.zip: 76%
10/3/2025, 8:49:36 PM GMT+2 [Modules] Streaming discord_krisp@2 to /home/arima/.config/discord/0.0.111/modules/pending/discord_krisp-2.zip: 77%
10/3/2025, 8:49:36 PM GMT+2 [Modules] Streaming discord_krisp@2 to /home/arima/.config/discord/0.0.111/modules/pending/discord_krisp-2.zip: 78%
10/3/2025, 8:49:36 PM GMT+2 [Modules] Streaming discord_krisp@2 to /home/arima/.config/discord/0.0.111/modules/pending/discord_krisp-2.zip: 79%
10/3/2025, 8:49:36 PM GMT+2 [Modules] Streaming discord_krisp@2 to /home/arima/.config/discord/0.0.111/modules/pending/discord_krisp-2.zip: 80%
10/3/2025, 8:49:36 PM GMT+2 [Modules] Streaming discord_krisp@2 to /home/arima/.config/discord/0.0.111/modules/pending/discord_krisp-2.zip: 81%
10/3/2025, 8:49:36 PM GMT+2 [Modules] Streaming discord_krisp@2 to /home/arima/.config/discord/0.0.111/modules/pending/discord_krisp-2.zip: 82%
10/3/2025, 8:49:36 PM GMT+2 [Modules] Streaming discord_krisp@2 to /home/arima/.config/discord/0.0.111/modules/pending/discord_krisp-2.zip: 83%
10/3/2025, 8:49:36 PM GMT+2 [Modules] Streaming discord_krisp@2 to /home/arima/.config/discord/0.0.111/modules/pending/discord_krisp-2.zip: 84%
10/3/2025, 8:49:36 PM GMT+2 [Modules] Streaming discord_krisp@2 to /home/arima/.config/discord/0.0.111/modules/pending/discord_krisp-2.zip: 85%
10/3/2025, 8:49:36 PM GMT+2 [Modules] Streaming discord_krisp@2 to /home/arima/.config/discord/0.0.111/modules/pending/discord_krisp-2.zip: 86%
10/3/2025, 8:49:36 PM GMT+2 [Modules] Streaming discord_krisp@2 to /home/arima/.config/discord/0.0.111/modules/pending/discord_krisp-2.zip: 87%
10/3/2025, 8:49:36 PM GMT+2 [Modules] Streaming discord_krisp@2 to /home/arima/.config/discord/0.0.111/modules/pending/discord_krisp-2.zip: 88%
10/3/2025, 8:49:36 PM GMT+2 [Modules] Streaming discord_krisp@2 to /home/arima/.config/discord/0.0.111/modules/pending/discord_krisp-2.zip: 89%
10/3/2025, 8:49:36 PM GMT+2 [Modules] Streaming discord_krisp@2 to /home/arima/.config/discord/0.0.111/modules/pending/discord_krisp-2.zip: 90%
10/3/2025, 8:49:36 PM GMT+2 [Modules] Streaming discord_krisp@2 to /home/arima/.config/discord/0.0.111/modules/pending/discord_krisp-2.zip: 91%
10/3/2025, 8:49:37 PM GMT+2 [Modules] Streaming discord_krisp@2 to /home/arima/.config/discord/0.0.111/modules/pending/discord_krisp-2.zip: 92%
10/3/2025, 8:49:37 PM GMT+2 [Modules] Streaming discord_krisp@2 to /home/arima/.config/discord/0.0.111/modules/pending/discord_krisp-2.zip: 93%
10/3/2025, 8:49:37 PM GMT+2 [Modules] Streaming discord_krisp@2 to /home/arima/.config/discord/0.0.111/modules/pending/discord_krisp-2.zip: 94%
10/3/2025, 8:49:37 PM GMT+2 [Modules] Streaming discord_krisp@2 to /home/arima/.config/discord/0.0.111/modules/pending/discord_krisp-2.zip: 95%
10/3/2025, 8:49:37 PM GMT+2 [Modules] Streaming discord_krisp@2 to /home/arima/.config/discord/0.0.111/modules/pending/discord_krisp-2.zip: 96%
10/3/2025, 8:49:37 PM GMT+2 [Modules] Streaming discord_krisp@2 to /home/arima/.config/discord/0.0.111/modules/pending/discord_krisp-2.zip: 97%
10/3/2025, 8:49:37 PM GMT+2 [Modules] Streaming discord_krisp@2 to /home/arima/.config/discord/0.0.111/modules/pending/discord_krisp-2.zip: 98%
10/3/2025, 8:49:37 PM GMT+2 [Modules] Streaming discord_krisp@2 to /home/arima/.config/discord/0.0.111/modules/pending/discord_krisp-2.zip: 99%
10/3/2025, 8:49:37 PM GMT+2 [Modules] Streaming discord_krisp@2 to /home/arima/.config/discord/0.0.111/modules/pending/discord_krisp-2.zip: 100%
10/3/2025, 8:49:37 PM GMT+2 [Modules] Fetching discord_game_utils@1 from https://discord.com/api/modules/stable/discord_game_utils/1
10/3/2025, 8:49:37 PM GMT+2 [Modules] Streaming discord_game_utils@1 to /home/arima/.config/discord/0.0.111/modules/pending/discord_game_utils-1.zip
10/3/2025, 8:49:37 PM GMT+2 [Modules] Installing discord_krisp@2 from /home/arima/.config/discord/0.0.111/modules/pending/discord_krisp-2.zip
10/3/2025, 8:49:37 PM GMT+2 [Modules] Streaming discord_game_utils@1 to /home/arima/.config/discord/0.0.111/modules/pending/discord_game_utils-1.zip: 1%
10/3/2025, 8:49:37 PM GMT+2 [Modules] Streaming discord_game_utils@1 to /home/arima/.config/discord/0.0.111/modules/pending/discord_game_utils-1.zip: 3%
10/3/2025, 8:49:37 PM GMT+2 [Modules] Streaming discord_game_utils@1 to /home/arima/.config/discord/0.0.111/modules/pending/discord_game_utils-1.zip: 5%
10/3/2025, 8:49:37 PM GMT+2 [Modules] Streaming discord_game_utils@1 to /home/arima/.config/discord/0.0.111/modules/pending/discord_game_utils-1.zip: 10%
10/3/2025, 8:49:37 PM GMT+2 [Modules] Streaming discord_game_utils@1 to /home/arima/.config/discord/0.0.111/modules/pending/discord_game_utils-1.zip: 16%
10/3/2025, 8:49:37 PM GMT+2 [Modules] Streaming discord_game_utils@1 to /home/arima/.config/discord/0.0.111/modules/pending/discord_game_utils-1.zip: 17%
10/3/2025, 8:49:37 PM GMT+2 [Modules] Streaming discord_game_utils@1 to /home/arima/.config/discord/0.0.111/modules/pending/discord_game_utils-1.zip: 18%
10/3/2025, 8:49:37 PM GMT+2 [Modules] Streaming discord_game_utils@1 to /home/arima/.config/discord/0.0.111/modules/pending/discord_game_utils-1.zip: 19%
10/3/2025, 8:49:37 PM GMT+2 [Modules] Streaming discord_game_utils@1 to /home/arima/.config/discord/0.0.111/modules/pending/discord_game_utils-1.zip: 20%
10/3/2025, 8:49:37 PM GMT+2 [Modules] Streaming discord_game_utils@1 to /home/arima/.config/discord/0.0.111/modules/pending/discord_game_utils-1.zip: 22%
10/3/2025, 8:49:37 PM GMT+2 [Modules] Streaming discord_game_utils@1 to /home/arima/.config/discord/0.0.111/modules/pending/discord_game_utils-1.zip: 24%
10/3/2025, 8:49:37 PM GMT+2 [Modules] Streaming discord_game_utils@1 to /home/arima/.config/discord/0.0.111/modules/pending/discord_game_utils-1.zip: 28%
10/3/2025, 8:49:37 PM GMT+2 [Modules] Streaming discord_game_utils@1 to /home/arima/.config/discord/0.0.111/modules/pending/discord_game_utils-1.zip: 30%
10/3/2025, 8:49:37 PM GMT+2 [Modules] Streaming discord_game_utils@1 to /home/arima/.config/discord/0.0.111/modules/pending/discord_game_utils-1.zip: 32%
10/3/2025, 8:49:37 PM GMT+2 [Modules] Streaming discord_game_utils@1 to /home/arima/.config/discord/0.0.111/modules/pending/discord_game_utils-1.zip: 33%
10/3/2025, 8:49:37 PM GMT+2 [Modules] Streaming discord_game_utils@1 to /home/arima/.config/discord/0.0.111/modules/pending/discord_game_utils-1.zip: 37%
10/3/2025, 8:49:37 PM GMT+2 [Modules] Streaming discord_game_utils@1 to /home/arima/.config/discord/0.0.111/modules/pending/discord_game_utils-1.zip: 39%
10/3/2025, 8:49:37 PM GMT+2 [Modules] Streaming discord_game_utils@1 to /home/arima/.config/discord/0.0.111/modules/pending/discord_game_utils-1.zip: 49%
10/3/2025, 8:49:37 PM GMT+2 [Modules] Streaming discord_game_utils@1 to /home/arima/.config/discord/0.0.111/modules/pending/discord_game_utils-1.zip: 51%
10/3/2025, 8:49:37 PM GMT+2 [Modules] Streaming discord_game_utils@1 to /home/arima/.config/discord/0.0.111/modules/pending/discord_game_utils-1.zip: 55%
10/3/2025, 8:49:37 PM GMT+2 [Modules] Streaming discord_game_utils@1 to /home/arima/.config/discord/0.0.111/modules/pending/discord_game_utils-1.zip: 59%
10/3/2025, 8:49:37 PM GMT+2 [Modules] Streaming discord_game_utils@1 to /home/arima/.config/discord/0.0.111/modules/pending/discord_game_utils-1.zip: 61%
10/3/2025, 8:49:37 PM GMT+2 [Modules] Streaming discord_game_utils@1 to /home/arima/.config/discord/0.0.111/modules/pending/discord_game_utils-1.zip: 65%
10/3/2025, 8:49:37 PM GMT+2 [Modules] Streaming discord_game_utils@1 to /home/arima/.config/discord/0.0.111/modules/pending/discord_game_utils-1.zip: 73%
10/3/2025, 8:49:37 PM GMT+2 [Modules] Streaming discord_game_utils@1 to /home/arima/.config/discord/0.0.111/modules/pending/discord_game_utils-1.zip: 84%
10/3/2025, 8:49:37 PM GMT+2 [Modules] Streaming discord_game_utils@1 to /home/arima/.config/discord/0.0.111/modules/pending/discord_game_utils-1.zip: 88%
10/3/2025, 8:49:37 PM GMT+2 [Modules] Streaming discord_game_utils@1 to /home/arima/.config/discord/0.0.111/modules/pending/discord_game_utils-1.zip: 90%
10/3/2025, 8:49:37 PM GMT+2 [Modules] Streaming discord_game_utils@1 to /home/arima/.config/discord/0.0.111/modules/pending/discord_game_utils-1.zip: 96%
10/3/2025, 8:49:37 PM GMT+2 [Modules] Streaming discord_game_utils@1 to /home/arima/.config/discord/0.0.111/modules/pending/discord_game_utils-1.zip: 99%
10/3/2025, 8:49:37 PM GMT+2 [Modules] Streaming discord_game_utils@1 to /home/arima/.config/discord/0.0.111/modules/pending/discord_game_utils-1.zip: 100%
10/3/2025, 8:49:37 PM GMT+2 [Modules] Fetching discord_rpc@1 from https://discord.com/api/modules/stable/discord_rpc/1
10/3/2025, 8:49:37 PM GMT+2 [Modules] Streaming discord_rpc@1 to /home/arima/.config/discord/0.0.111/modules/pending/discord_rpc-1.zip
10/3/2025, 8:49:37 PM GMT+2 [Modules] Streaming discord_rpc@1 to /home/arima/.config/discord/0.0.111/modules/pending/discord_rpc-1.zip: 100%
10/3/2025, 8:49:37 PM GMT+2 [Modules] Finished module downloads. [success: 3] [failure: 0]
10/3/2025, 8:49:38 PM GMT+2 [Modules] Installing discord_game_utils@1 from /home/arima/.config/discord/0.0.111/modules/pending/discord_game_utils-1.zip
10/3/2025, 8:49:38 PM GMT+2 [Modules] Installing discord_rpc@1 from /home/arima/.config/discord/0.0.111/modules/pending/discord_rpc-1.zip
10/3/2025, 8:49:38 PM GMT+2 [Modules] Finished module installations. [success: 3] [failure: 0]
10/3/2025, 8:51:02 PM GMT+2 [Modules] Checking for host updates.
10/3/2025, 8:51:02 PM GMT+2 [Modules] Host is up to date.
10/3/2025, 8:51:02 PM GMT+2 [Modules] Checking for module updates at https://discord.com/api/modules/stable/versions.json
10/3/2025, 8:51:02 PM GMT+2 [Modules] No module updates available.
11/8/2025, 5:17:55 PM GMT+1 [Modules] Modules initializing
11/8/2025, 5:17:55 PM GMT+1 [Modules] Distribution: remote
11/8/2025, 5:17:55 PM GMT+1 [Modules] Host updates: enabled
11/8/2025, 5:17:55 PM GMT+1 [Modules] Module updates: enabled
11/8/2025, 5:17:55 PM GMT+1 [Modules] Module install path: /home/arima/.config/discord/0.0.113/modules
11/8/2025, 5:17:55 PM GMT+1 [Modules] Module installed file path: /home/arima/.config/discord/0.0.113/modules/installed.json
11/8/2025, 5:17:55 PM GMT+1 [Modules] Module download path: /home/arima/.config/discord/0.0.113/modules/pending
11/8/2025, 5:17:55 PM GMT+1 [Modules] Bootstrapping...
11/8/2025, 5:17:55 PM GMT+1 [Modules] Installing discord_desktop_core@0 from /opt/discord/resources/bootstrap/discord_desktop_core.zip
11/8/2025, 5:17:55 PM GMT+1 [Modules] Failed installing discord_desktop_core@0: Error: ENOENT: no such file or directory, open '/opt/discord/resources/bootstrap/discord_desktop_core.zip'
11/8/2025, 5:17:55 PM GMT+1 [Modules] Installing discord_erlpack@0 from /opt/discord/resources/bootstrap/discord_erlpack.zip
11/8/2025, 5:17:55 PM GMT+1 [Modules] Failed installing discord_erlpack@0: Error: ENOENT: no such file or directory, open '/opt/discord/resources/bootstrap/discord_erlpack.zip'
11/8/2025, 5:17:55 PM GMT+1 [Modules] Installing discord_spellcheck@0 from /opt/discord/resources/bootstrap/discord_spellcheck.zip
11/8/2025, 5:17:55 PM GMT+1 [Modules] Failed installing discord_spellcheck@0: Error: ENOENT: no such file or directory, open '/opt/discord/resources/bootstrap/discord_spellcheck.zip'
11/8/2025, 5:17:55 PM GMT+1 [Modules] Installing discord_utils@0 from /opt/discord/resources/bootstrap/discord_utils.zip
11/8/2025, 5:17:55 PM GMT+1 [Modules] Failed installing discord_utils@0: Error: ENOENT: no such file or directory, open '/opt/discord/resources/bootstrap/discord_utils.zip'
11/8/2025, 5:17:55 PM GMT+1 [Modules] Installing discord_voice@0 from /opt/discord/resources/bootstrap/discord_voice.zip
11/8/2025, 5:17:55 PM GMT+1 [Modules] Failed installing discord_voice@0: Error: ENOENT: no such file or directory, open '/opt/discord/resources/bootstrap/discord_voice.zip'
11/8/2025, 5:17:55 PM GMT+1 [Modules] Installing discord_zstd@0 from /opt/discord/resources/bootstrap/discord_zstd.zip
11/8/2025, 5:17:55 PM GMT+1 [Modules] Failed installing discord_zstd@0: Error: ENOENT: no such file or directory, open '/opt/discord/resources/bootstrap/discord_zstd.zip'
11/8/2025, 5:17:55 PM GMT+1 [Modules] Finished module installations. [success: 0] [failure: 6]
11/8/2025, 5:17:55 PM GMT+1 [Modules] Checking for host updates.
11/8/2025, 5:17:56 PM GMT+1 [Modules] Host is up to date.
11/8/2025, 5:17:56 PM GMT+1 [Modules] Checking for module updates at https://discord.com/api/modules/stable/versions.json
11/8/2025, 5:17:56 PM GMT+1 [Modules] Module update available: discord_desktop_core@1 [installed: 0]
11/8/2025, 5:17:56 PM GMT+1 [Modules] Module update available: discord_erlpack@1 [installed: 0]
11/8/2025, 5:17:56 PM GMT+1 [Modules] Module update available: discord_spellcheck@1 [installed: 0]
11/8/2025, 5:17:56 PM GMT+1 [Modules] Module update available: discord_utils@1 [installed: 0]
11/8/2025, 5:17:56 PM GMT+1 [Modules] Module update available: discord_voice@1 [installed: 0]
11/8/2025, 5:17:56 PM GMT+1 [Modules] Module update available: discord_zstd@1 [installed: 0]
11/8/2025, 5:17:56 PM GMT+1 [Modules] Fetching discord_desktop_core@1 from https://discord.com/api/modules/stable/discord_desktop_core/1
11/8/2025, 5:17:56 PM GMT+1 [Modules] Streaming discord_desktop_core@1 to /home/arima/.config/discord/0.0.113/modules/pending/discord_desktop_core-1.zip
11/8/2025, 5:17:56 PM GMT+1 [Modules] Streaming discord_desktop_core@1 to /home/arima/.config/discord/0.0.113/modules/pending/discord_desktop_core-1.zip: 1%
11/8/2025, 5:17:56 PM GMT+1 [Modules] Streaming discord_desktop_core@1 to /home/arima/.config/discord/0.0.113/modules/pending/discord_desktop_core-1.zip: 2%
11/8/2025, 5:17:56 PM GMT+1 [Modules] Streaming discord_desktop_core@1 to /home/arima/.config/discord/0.0.113/modules/pending/discord_desktop_core-1.zip: 3%
11/8/2025, 5:17:56 PM GMT+1 [Modules] Streaming discord_desktop_core@1 to /home/arima/.config/discord/0.0.113/modules/pending/discord_desktop_core-1.zip: 4%
11/8/2025, 5:17:56 PM GMT+1 [Modules] Streaming discord_desktop_core@1 to /home/arima/.config/discord/0.0.113/modules/pending/discord_desktop_core-1.zip: 7%
11/8/2025, 5:17:56 PM GMT+1 [Modules] Streaming discord_desktop_core@1 to /home/arima/.config/discord/0.0.113/modules/pending/discord_desktop_core-1.zip: 8%
11/8/2025, 5:17:56 PM GMT+1 [Modules] Streaming discord_desktop_core@1 to /home/arima/.config/discord/0.0.113/modules/pending/discord_desktop_core-1.zip: 11%
11/8/2025, 5:17:56 PM GMT+1 [Modules] Streaming discord_desktop_core@1 to /home/arima/.config/discord/0.0.113/modules/pending/discord_desktop_core-1.zip: 12%
11/8/2025, 5:17:56 PM GMT+1 [Modules] Streaming discord_desktop_core@1 to /home/arima/.config/discord/0.0.113/modules/pending/discord_desktop_core-1.zip: 14%
11/8/2025, 5:17:56 PM GMT+1 [Modules] Streaming discord_desktop_core@1 to /home/arima/.config/discord/0.0.113/modules/pending/discord_desktop_core-1.zip: 16%
11/8/2025, 5:17:56 PM GMT+1 [Modules] Streaming discord_desktop_core@1 to /home/arima/.config/discord/0.0.113/modules/pending/discord_desktop_core-1.zip: 18%
11/8/2025, 5:17:56 PM GMT+1 [Modules] Streaming discord_desktop_core@1 to /home/arima/.config/discord/0.0.113/modules/pending/discord_desktop_core-1.zip: 21%
11/8/2025, 5:17:56 PM GMT+1 [Modules] Streaming discord_desktop_core@1 to /home/arima/.config/discord/0.0.113/modules/pending/discord_desktop_core-1.zip: 22%
11/8/2025, 5:17:56 PM GMT+1 [Modules] Streaming discord_desktop_core@1 to /home/arima/.config/discord/0.0.113/modules/pending/discord_desktop_core-1.zip: 26%
11/8/2025, 5:17:56 PM GMT+1 [Modules] Streaming discord_desktop_core@1 to /home/arima/.config/discord/0.0.113/modules/pending/discord_desktop_core-1.zip: 31%
11/8/2025, 5:17:56 PM GMT+1 [Modules] Streaming discord_desktop_core@1 to /home/arima/.config/discord/0.0.113/modules/pending/discord_desktop_core-1.zip: 34%
11/8/2025, 5:17:56 PM GMT+1 [Modules] Streaming discord_desktop_core@1 to /home/arima/.config/discord/0.0.113/modules/pending/discord_desktop_core-1.zip: 35%
11/8/2025, 5:17:56 PM GMT+1 [Modules] Streaming discord_desktop_core@1 to /home/arima/.config/discord/0.0.113/modules/pending/discord_desktop_core-1.zip: 37%
11/8/2025, 5:17:56 PM GMT+1 [Modules] Streaming discord_desktop_core@1 to /home/arima/.config/discord/0.0.113/modules/pending/discord_desktop_core-1.zip: 40%
11/8/2025, 5:17:56 PM GMT+1 [Modules] Streaming discord_desktop_core@1 to /home/arima/.config/discord/0.0.113/modules/pending/discord_desktop_core-1.zip: 41%
11/8/2025, 5:17:56 PM GMT+1 [Modules] Streaming discord_desktop_core@1 to /home/arima/.config/discord/0.0.113/modules/pending/discord_desktop_core-1.zip: 42%
11/8/2025, 5:17:56 PM GMT+1 [Modules] Streaming discord_desktop_core@1 to /home/arima/.config/discord/0.0.113/modules/pending/discord_desktop_core-1.zip: 50%
11/8/2025, 5:17:56 PM GMT+1 [Modules] Streaming discord_desktop_core@1 to /home/arima/.config/discord/0.0.113/modules/pending/discord_desktop_core-1.zip: 53%
11/8/2025, 5:17:56 PM GMT+1 [Modules] Streaming discord_desktop_core@1 to /home/arima/.config/discord/0.0.113/modules/pending/discord_desktop_core-1.zip: 59%
11/8/2025, 5:17:56 PM GMT+1 [Modules] Streaming discord_desktop_core@1 to /home/arima/.config/discord/0.0.113/modules/pending/discord_desktop_core-1.zip: 61%
11/8/2025, 5:17:56 PM GMT+1 [Modules] Streaming discord_desktop_core@1 to /home/arima/.config/discord/0.0.113/modules/pending/discord_desktop_core-1.zip: 64%
11/8/2025, 5:17:56 PM GMT+1 [Modules] Streaming discord_desktop_core@1 to /home/arima/.config/discord/0.0.113/modules/pending/discord_desktop_core-1.zip: 67%
11/8/2025, 5:17:56 PM GMT+1 [Modules] Streaming discord_desktop_core@1 to /home/arima/.config/discord/0.0.113/modules/pending/discord_desktop_core-1.zip: 71%
11/8/2025, 5:17:56 PM GMT+1 [Modules] Streaming discord_desktop_core@1 to /home/arima/.config/discord/0.0.113/modules/pending/discord_desktop_core-1.zip: 81%
11/8/2025, 5:17:56 PM GMT+1 [Modules] Streaming discord_desktop_core@1 to /home/arima/.config/discord/0.0.113/modules/pending/discord_desktop_core-1.zip: 85%
11/8/2025, 5:17:56 PM GMT+1 [Modules] Streaming discord_desktop_core@1 to /home/arima/.config/discord/0.0.113/modules/pending/discord_desktop_core-1.zip: 87%
11/8/2025, 5:17:56 PM GMT+1 [Modules] Streaming discord_desktop_core@1 to /home/arima/.config/discord/0.0.113/modules/pending/discord_desktop_core-1.zip: 90%
11/8/2025, 5:17:56 PM GMT+1 [Modules] Streaming discord_desktop_core@1 to /home/arima/.config/discord/0.0.113/modules/pending/discord_desktop_core-1.zip: 93%
11/8/2025, 5:17:56 PM GMT+1 [Modules] Streaming discord_desktop_core@1 to /home/arima/.config/discord/0.0.113/modules/pending/discord_desktop_core-1.zip: 96%
11/8/2025, 5:17:56 PM GMT+1 [Modules] Streaming discord_desktop_core@1 to /home/arima/.config/discord/0.0.113/modules/pending/discord_desktop_core-1.zip: 100%
11/8/2025, 5:17:56 PM GMT+1 [Modules] Fetching discord_erlpack@1 from https://discord.com/api/modules/stable/discord_erlpack/1
11/8/2025, 5:17:56 PM GMT+1 [Modules] Streaming discord_erlpack@1 to /home/arima/.config/discord/0.0.113/modules/pending/discord_erlpack-1.zip
11/8/2025, 5:17:56 PM GMT+1 [Modules] Streaming discord_erlpack@1 to /home/arima/.config/discord/0.0.113/modules/pending/discord_erlpack-1.zip: 2%
11/8/2025, 5:17:56 PM GMT+1 [Modules] Streaming discord_erlpack@1 to /home/arima/.config/discord/0.0.113/modules/pending/discord_erlpack-1.zip: 7%
11/8/2025, 5:17:56 PM GMT+1 [Modules] Streaming discord_erlpack@1 to /home/arima/.config/discord/0.0.113/modules/pending/discord_erlpack-1.zip: 10%
11/8/2025, 5:17:56 PM GMT+1 [Modules] Streaming discord_erlpack@1 to /home/arima/.config/discord/0.0.113/modules/pending/discord_erlpack-1.zip: 13%
11/8/2025, 5:17:56 PM GMT+1 [Modules] Streaming discord_erlpack@1 to /home/arima/.config/discord/0.0.113/modules/pending/discord_erlpack-1.zip: 18%
11/8/2025, 5:17:56 PM GMT+1 [Modules] Streaming discord_erlpack@1 to /home/arima/.config/discord/0.0.113/modules/pending/discord_erlpack-1.zip: 25%
11/8/2025, 5:17:56 PM GMT+1 [Modules] Streaming discord_erlpack@1 to /home/arima/.config/discord/0.0.113/modules/pending/discord_erlpack-1.zip: 38%
11/8/2025, 5:17:56 PM GMT+1 [Modules] Streaming discord_erlpack@1 to /home/arima/.config/discord/0.0.113/modules/pending/discord_erlpack-1.zip: 43%
11/8/2025, 5:17:56 PM GMT+1 [Modules] Streaming discord_erlpack@1 to /home/arima/.config/discord/0.0.113/modules/pending/discord_erlpack-1.zip: 44%
11/8/2025, 5:17:56 PM GMT+1 [Modules] Streaming discord_erlpack@1 to /home/arima/.config/discord/0.0.113/modules/pending/discord_erlpack-1.zip: 51%
11/8/2025, 5:17:56 PM GMT+1 [Modules] Streaming discord_erlpack@1 to /home/arima/.config/discord/0.0.113/modules/pending/discord_erlpack-1.zip: 53%
11/8/2025, 5:17:56 PM GMT+1 [Modules] Streaming discord_erlpack@1 to /home/arima/.config/discord/0.0.113/modules/pending/discord_erlpack-1.zip: 61%
11/8/2025, 5:17:56 PM GMT+1 [Modules] Streaming discord_erlpack@1 to /home/arima/.config/discord/0.0.113/modules/pending/discord_erlpack-1.zip: 64%
11/8/2025, 5:17:56 PM GMT+1 [Modules] Streaming discord_erlpack@1 to /home/arima/.config/discord/0.0.113/modules/pending/discord_erlpack-1.zip: 67%
11/8/2025, 5:17:56 PM GMT+1 [Modules] Streaming discord_erlpack@1 to /home/arima/.config/discord/0.0.113/modules/pending/discord_erlpack-1.zip: 71%
11/8/2025, 5:17:56 PM GMT+1 [Modules] Streaming discord_erlpack@1 to /home/arima/.config/discord/0.0.113/modules/pending/discord_erlpack-1.zip: 79%
11/8/2025, 5:17:56 PM GMT+1 [Modules] Streaming discord_erlpack@1 to /home/arima/.config/discord/0.0.113/modules/pending/discord_erlpack-1.zip: 82%
11/8/2025, 5:17:56 PM GMT+1 [Modules] Streaming discord_erlpack@1 to /home/arima/.config/discord/0.0.113/modules/pending/discord_erlpack-1.zip: 84%
11/8/2025, 5:17:56 PM GMT+1 [Modules] Streaming discord_erlpack@1 to /home/arima/.config/discord/0.0.113/modules/pending/discord_erlpack-1.zip: 87%
11/8/2025, 5:17:56 PM GMT+1 [Modules] Streaming discord_erlpack@1 to /home/arima/.config/discord/0.0.113/modules/pending/discord_erlpack-1.zip: 92%
11/8/2025, 5:17:56 PM GMT+1 [Modules] Streaming discord_erlpack@1 to /home/arima/.config/discord/0.0.113/modules/pending/discord_erlpack-1.zip: 93%
11/8/2025, 5:17:56 PM GMT+1 [Modules] Streaming discord_erlpack@1 to /home/arima/.config/discord/0.0.113/modules/pending/discord_erlpack-1.zip: 96%
11/8/2025, 5:17:56 PM GMT+1 [Modules] Streaming discord_erlpack@1 to /home/arima/.config/discord/0.0.113/modules/pending/discord_erlpack-1.zip: 100%
11/8/2025, 5:17:56 PM GMT+1 [Modules] Fetching discord_spellcheck@1 from https://discord.com/api/modules/stable/discord_spellcheck/1
11/8/2025, 5:17:56 PM GMT+1 [Modules] Streaming discord_spellcheck@1 to /home/arima/.config/discord/0.0.113/modules/pending/discord_spellcheck-1.zip
11/8/2025, 5:17:57 PM GMT+1 [Modules] Streaming discord_spellcheck@1 to /home/arima/.config/discord/0.0.113/modules/pending/discord_spellcheck-1.zip: 1%
11/8/2025, 5:17:57 PM GMT+1 [Modules] Streaming discord_spellcheck@1 to /home/arima/.config/discord/0.0.113/modules/pending/discord_spellcheck-1.zip: 2%
11/8/2025, 5:17:57 PM GMT+1 [Modules] Streaming discord_spellcheck@1 to /home/arima/.config/discord/0.0.113/modules/pending/discord_spellcheck-1.zip: 3%
11/8/2025, 5:17:57 PM GMT+1 [Modules] Streaming discord_spellcheck@1 to /home/arima/.config/discord/0.0.113/modules/pending/discord_spellcheck-1.zip: 4%
11/8/2025, 5:17:57 PM GMT+1 [Modules] Streaming discord_spellcheck@1 to /home/arima/.config/discord/0.0.113/modules/pending/discord_spellcheck-1.zip: 5%
11/8/2025, 5:17:57 PM GMT+1 [Modules] Streaming discord_spellcheck@1 to /home/arima/.config/discord/0.0.113/modules/pending/discord_spellcheck-1.zip: 6%
11/8/2025, 5:17:57 PM GMT+1 [Modules] Streaming discord_spellcheck@1 to /home/arima/.config/discord/0.0.113/modules/pending/discord_spellcheck-1.zip: 8%
