00:00:00.449222 VirtualBox GUI VM Selector Window 7.2.4 r170995 linux.amd64 (Oct 22 2025 16:59:14) release log
00:00:00.449224 Log opened 2025-12-12T22:00:10.044244000Z
00:00:00.449226 Build Type: release
00:00:00.449229 OS Product: Linux
00:00:00.450134 OS Release: 6.17.9-arch1-1
00:00:00.450139 OS Version: #1 SMP PREEMPT_DYNAMIC Mon, 24 Nov 2025 15:21:09 +0000
00:00:00.450177 DMI Product Name: H310MHP
00:00:00.450192 DMI Product Version: 
00:00:00.450200 Firmware type: UEFI
00:00:00.452270 Secure Boot: Disabled
00:00:00.452353 Host RAM: 7856MB (7.6GB) total, 4357MB (4.2GB) available
00:00:00.452358 Executable: /usr/lib/virtualbox/VirtualBox
00:00:00.452360 Process ID: 18149
00:00:00.452361 Package type: LINUX_64BITS_GENERIC (OSE)
00:00:00.452432 Qt version: 6.10.1
00:00:00.456902 GUI: UIMediumEnumerator: Initial medium-enumeration finished!
00:00:00.479197 GUI: UIMediumEnumerator: Medium-enumeration started...
00:00:00.479220 GUI: UIMediumEnumerator: Medium-enumeration finished!
00:00:05.321491 GUI: UIInvisibleWindow::sltFallback: Move event missing. Screen: 0, work area: 959x539 x 800x800
00:00:05.321540 GUI: UIDesktopWidgetWatchdog::sltHandleHostScreenAvailableGeometryCalculated: Screen 0 work area is actually resized to: 959x539 x 800x800
00:00:09.461652 GUI: UICommon: Handling aboutToQuit request..
00:00:10.582929 GUI: UICommon: aboutToQuit request handled!
